{"/home/alaa/Data_Structure_And_Algorithm/class_Directory/BinaryTree/BinaryTree.js": {"path":"/home/alaa/Data_Structure_And_Algorithm/class_Directory/BinaryTree/BinaryTree.js","statementMap":{"0":{"start":{"line":4,"column":11},"end":{"line":4,"column":28}},"1":{"start":{"line":8,"column":8},"end":{"line":9,"column":19}},"2":{"start":{"line":13,"column":10},"end":{"line":42,"column":5}},"3":{"start":{"line":14,"column":19},"end":{"line":14,"column":34}},"4":{"start":{"line":15,"column":8},"end":{"line":15,"column":32}},"5":{"start":{"line":17,"column":8},"end":{"line":21,"column":9}},"6":{"start":{"line":18,"column":12},"end":{"line":18,"column":29}},"7":{"start":{"line":20,"column":12},"end":{"line":20,"column":29}},"8":{"start":{"line":22,"column":22},"end":{"line":22,"column":31}},"9":{"start":{"line":24,"column":27},"end":{"line":38,"column":9}},"10":{"start":{"line":25,"column":12},"end":{"line":37,"column":13}},"11":{"start":{"line":26,"column":16},"end":{"line":30,"column":17}},"12":{"start":{"line":27,"column":20},"end":{"line":27,"column":60}},"13":{"start":{"line":29,"column":20},"end":{"line":29,"column":47}},"14":{"start":{"line":32,"column":16},"end":{"line":36,"column":17}},"15":{"start":{"line":33,"column":20},"end":{"line":33,"column":59}},"16":{"start":{"line":35,"column":20},"end":{"line":35,"column":46}},"17":{"start":{"line":40,"column":8},"end":{"line":40,"column":36}},"18":{"start":{"line":41,"column":8},"end":{"line":41,"column":25}},"19":{"start":{"line":45,"column":15},"end":{"line":62,"column":5}},"20":{"start":{"line":46,"column":8},"end":{"line":48,"column":9}},"21":{"start":{"line":47,"column":12},"end":{"line":47,"column":34}},"22":{"start":{"line":49,"column":21},"end":{"line":49,"column":26}},"23":{"start":{"line":50,"column":21},"end":{"line":59,"column":9}},"24":{"start":{"line":51,"column":12},"end":{"line":53,"column":13}},"25":{"start":{"line":52,"column":16},"end":{"line":52,"column":30}},"26":{"start":{"line":54,"column":12},"end":{"line":56,"column":13}},"27":{"start":{"line":55,"column":16},"end":{"line":55,"column":34}},"28":{"start":{"line":56,"column":14},"end":{"line":58,"column":13}},"29":{"start":{"line":57,"column":16},"end":{"line":57,"column":35}},"30":{"start":{"line":60,"column":8},"end":{"line":60,"column":26}},"31":{"start":{"line":61,"column":8},"end":{"line":61,"column":24}},"32":{"start":{"line":65,"column":0},"end":{"line":65,"column":28}}},"fnMap":{"0":{"name":"(anonymous_0)","decl":{"start":{"line":7,"column":4},"end":{"line":7,"column":5}},"loc":{"start":{"line":7,"column":18},"end":{"line":10,"column":5}},"line":7},"1":{"name":"(anonymous_1)","decl":{"start":{"line":13,"column":10},"end":{"line":13,"column":11}},"loc":{"start":{"line":13,"column":21},"end":{"line":42,"column":5}},"line":13},"2":{"name":"(anonymous_2)","decl":{"start":{"line":24,"column":27},"end":{"line":24,"column":28}},"loc":{"start":{"line":24,"column":52},"end":{"line":38,"column":9}},"line":24},"3":{"name":"(anonymous_3)","decl":{"start":{"line":45,"column":15},"end":{"line":45,"column":16}},"loc":{"start":{"line":45,"column":26},"end":{"line":62,"column":5}},"line":45},"4":{"name":"(anonymous_4)","decl":{"start":{"line":50,"column":21},"end":{"line":50,"column":22}},"loc":{"start":{"line":50,"column":29},"end":{"line":59,"column":9}},"line":50}},"branchMap":{"0":{"loc":{"start":{"line":17,"column":8},"end":{"line":21,"column":9}},"type":"if","locations":[{"start":{"line":17,"column":8},"end":{"line":21,"column":9}},{"start":{},"end":{}}],"line":17},"1":{"loc":{"start":{"line":25,"column":12},"end":{"line":37,"column":13}},"type":"if","locations":[{"start":{"line":25,"column":12},"end":{"line":37,"column":13}},{"start":{"line":31,"column":19},"end":{"line":37,"column":13}}],"line":25},"2":{"loc":{"start":{"line":26,"column":16},"end":{"line":30,"column":17}},"type":"if","locations":[{"start":{"line":26,"column":16},"end":{"line":30,"column":17}},{"start":{"line":28,"column":23},"end":{"line":30,"column":17}}],"line":26},"3":{"loc":{"start":{"line":32,"column":16},"end":{"line":36,"column":17}},"type":"if","locations":[{"start":{"line":32,"column":16},"end":{"line":36,"column":17}},{"start":{"line":34,"column":23},"end":{"line":36,"column":17}}],"line":32},"4":{"loc":{"start":{"line":46,"column":8},"end":{"line":48,"column":9}},"type":"if","locations":[{"start":{"line":46,"column":8},"end":{"line":48,"column":9}},{"start":{},"end":{}}],"line":46},"5":{"loc":{"start":{"line":51,"column":12},"end":{"line":53,"column":13}},"type":"if","locations":[{"start":{"line":51,"column":12},"end":{"line":53,"column":13}},{"start":{},"end":{}}],"line":51},"6":{"loc":{"start":{"line":54,"column":12},"end":{"line":56,"column":13}},"type":"if","locations":[{"start":{"line":54,"column":12},"end":{"line":56,"column":13}},{"start":{},"end":{}}],"line":54},"7":{"loc":{"start":{"line":56,"column":14},"end":{"line":58,"column":13}},"type":"if","locations":[{"start":{"line":56,"column":14},"end":{"line":58,"column":13}},{"start":{},"end":{}}],"line":56}},"s":{"0":4,"1":11,"2":11,"3":40,"4":40,"5":40,"6":8,"7":8,"8":32,"9":32,"10":51,"11":30,"12":12,"13":18,"14":21,"15":7,"16":14,"17":32,"18":32,"19":11,"20":5,"21":1,"22":4,"23":4,"24":20,"25":2,"26":20,"27":8,"28":20,"29":8,"30":4,"31":4,"32":4},"f":{"0":11,"1":40,"2":51,"3":5,"4":20},"b":{"0":[8,32],"1":[30,21],"2":[12,18],"3":[7,14],"4":[1,4],"5":[2,18],"6":[8,12],"7":[8,12]},"_coverageSchema":"1a1c01bbd47fc00a2c39e90264f33305004495a9","hash":"36d1b4820a46f1c72fa148b97ac2160e3e597411"}
,"/home/alaa/Data_Structure_And_Algorithm/class_Directory/BinaryTree/Node.js": {"path":"/home/alaa/Data_Structure_And_Algorithm/class_Directory/BinaryTree/Node.js","statementMap":{"0":{"start":{"line":6,"column":8},"end":{"line":8,"column":26}},"1":{"start":{"line":12,"column":0},"end":{"line":12,"column":22}}},"fnMap":{"0":{"name":"(anonymous_0)","decl":{"start":{"line":5,"column":4},"end":{"line":5,"column":5}},"loc":{"start":{"line":5,"column":22},"end":{"line":9,"column":5}},"line":5}},"branchMap":{},"s":{"0":40,"1":4},"f":{"0":40},"b":{},"_coverageSchema":"1a1c01bbd47fc00a2c39e90264f33305004495a9","hash":"e1da390dd984243bf8f684cde8f74b6261d7bf72"}
,"/home/alaa/Data_Structure_And_Algorithm/class_Directory/Linked_List/Linked_List.js": {"path":"/home/alaa/Data_Structure_And_Algorithm/class_Directory/Linked_List/Linked_List.js","statementMap":{"0":{"start":{"line":6,"column":11},"end":{"line":6,"column":28}},"1":{"start":{"line":10,"column":8},"end":{"line":10,"column":24}},"2":{"start":{"line":14,"column":11},"end":{"line":27,"column":5}},"3":{"start":{"line":15,"column":19},"end":{"line":15,"column":34}},"4":{"start":{"line":17,"column":8},"end":{"line":20,"column":9}},"5":{"start":{"line":18,"column":12},"end":{"line":18,"column":29}},"6":{"start":{"line":19,"column":12},"end":{"line":19,"column":36}},"7":{"start":{"line":22,"column":22},"end":{"line":22,"column":31}},"8":{"start":{"line":23,"column":8},"end":{"line":25,"column":9}},"9":{"start":{"line":24,"column":12},"end":{"line":24,"column":33}},"10":{"start":{"line":26,"column":8},"end":{"line":26,"column":28}},"11":{"start":{"line":29,"column":15},"end":{"line":43,"column":5}},"12":{"start":{"line":30,"column":8},"end":{"line":32,"column":9}},"13":{"start":{"line":31,"column":12},"end":{"line":31,"column":40}},"14":{"start":{"line":34,"column":22},"end":{"line":34,"column":31}},"15":{"start":{"line":35,"column":27},"end":{"line":35,"column":29}},"16":{"start":{"line":36,"column":8},"end":{"line":39,"column":9}},"17":{"start":{"line":37,"column":12},"end":{"line":37,"column":65}},"18":{"start":{"line":38,"column":12},"end":{"line":38,"column":35}},"19":{"start":{"line":40,"column":8},"end":{"line":40,"column":45}},"20":{"start":{"line":42,"column":8},"end":{"line":42,"column":28}},"21":{"start":{"line":47,"column":0},"end":{"line":47,"column":29}}},"fnMap":{"0":{"name":"(anonymous_0)","decl":{"start":{"line":9,"column":4},"end":{"line":9,"column":5}},"loc":{"start":{"line":9,"column":17},"end":{"line":11,"column":5}},"line":9},"1":{"name":"(anonymous_1)","decl":{"start":{"line":14,"column":11},"end":{"line":14,"column":12}},"loc":{"start":{"line":14,"column":22},"end":{"line":27,"column":5}},"line":14},"2":{"name":"(anonymous_2)","decl":{"start":{"line":29,"column":15},"end":{"line":29,"column":16}},"loc":{"start":{"line":29,"column":21},"end":{"line":43,"column":5}},"line":29}},"branchMap":{"0":{"loc":{"start":{"line":17,"column":8},"end":{"line":20,"column":9}},"type":"if","locations":[{"start":{"line":17,"column":8},"end":{"line":20,"column":9}},{"start":{},"end":{}}],"line":17},"1":{"loc":{"start":{"line":30,"column":8},"end":{"line":32,"column":9}},"type":"if","locations":[{"start":{"line":30,"column":8},"end":{"line":32,"column":9}},{"start":{},"end":{}}],"line":30}},"s":{"0":11,"1":42,"2":42,"3":154,"4":154,"5":31,"6":31,"7":123,"8":123,"9":274,"10":123,"11":42,"12":17,"13":1,"14":16,"15":16,"16":16,"17":91,"18":91,"19":16,"20":16,"21":11},"f":{"0":42,"1":154,"2":17},"b":{"0":[31,123],"1":[1,16]},"_coverageSchema":"1a1c01bbd47fc00a2c39e90264f33305004495a9","hash":"3098eff535f45bd36a81954a4e019f162b7cb8c4"}
,"/home/alaa/Data_Structure_And_Algorithm/class_Directory/Linked_List/Node.js": {"path":"/home/alaa/Data_Structure_And_Algorithm/class_Directory/Linked_List/Node.js","statementMap":{"0":{"start":{"line":8,"column":8},"end":{"line":9,"column":24}},"1":{"start":{"line":14,"column":0},"end":{"line":14,"column":22}}},"fnMap":{"0":{"name":"(anonymous_0)","decl":{"start":{"line":7,"column":4},"end":{"line":7,"column":5}},"loc":{"start":{"line":7,"column":22},"end":{"line":10,"column":5}},"line":7}},"branchMap":{},"s":{"0":276,"1":18},"f":{"0":276},"b":{},"_coverageSchema":"1a1c01bbd47fc00a2c39e90264f33305004495a9","hash":"965270773aa1a1ff197c46680ee00e60261ee19a"}
,"/home/alaa/Data_Structure_And_Algorithm/class_Directory/Queue/Queue.js": {"path":"/home/alaa/Data_Structure_And_Algorithm/class_Directory/Queue/Queue.js","statementMap":{"0":{"start":{"line":6,"column":11},"end":{"line":6,"column":41}},"1":{"start":{"line":10,"column":8},"end":{"line":11,"column":28}},"2":{"start":{"line":15,"column":14},"end":{"line":27,"column":5}},"3":{"start":{"line":16,"column":19},"end":{"line":16,"column":34}},"4":{"start":{"line":17,"column":8},"end":{"line":22,"column":9}},"5":{"start":{"line":18,"column":12},"end":{"line":18,"column":30}},"6":{"start":{"line":19,"column":12},"end":{"line":19,"column":29}},"7":{"start":{"line":21,"column":12},"end":{"line":21,"column":53}},"8":{"start":{"line":23,"column":8},"end":{"line":23,"column":30}},"9":{"start":{"line":24,"column":8},"end":{"line":24,"column":25}},"10":{"start":{"line":26,"column":8},"end":{"line":26,"column":38}},"11":{"start":{"line":30,"column":14},"end":{"line":38,"column":5}},"12":{"start":{"line":31,"column":8},"end":{"line":33,"column":9}},"13":{"start":{"line":32,"column":12},"end":{"line":32,"column":35}},"14":{"start":{"line":34,"column":26},"end":{"line":34,"column":36}},"15":{"start":{"line":35,"column":8},"end":{"line":35,"column":38}},"16":{"start":{"line":37,"column":8},"end":{"line":37,"column":35}},"17":{"start":{"line":40,"column":11},"end":{"line":45,"column":5}},"18":{"start":{"line":41,"column":8},"end":{"line":43,"column":9}},"19":{"start":{"line":42,"column":12},"end":{"line":42,"column":35}},"20":{"start":{"line":44,"column":8},"end":{"line":44,"column":34}},"21":{"start":{"line":47,"column":14},"end":{"line":52,"column":5}},"22":{"start":{"line":48,"column":8},"end":{"line":50,"column":9}},"23":{"start":{"line":49,"column":12},"end":{"line":49,"column":26}},"24":{"start":{"line":51,"column":8},"end":{"line":51,"column":23}},"25":{"start":{"line":55,"column":15},"end":{"line":69,"column":5}},"26":{"start":{"line":56,"column":8},"end":{"line":58,"column":9}},"27":{"start":{"line":57,"column":12},"end":{"line":57,"column":34}},"28":{"start":{"line":60,"column":22},"end":{"line":60,"column":32}},"29":{"start":{"line":61,"column":27},"end":{"line":61,"column":29}},"30":{"start":{"line":62,"column":8},"end":{"line":65,"column":9}},"31":{"start":{"line":63,"column":12},"end":{"line":63,"column":65}},"32":{"start":{"line":64,"column":12},"end":{"line":64,"column":35}},"33":{"start":{"line":66,"column":8},"end":{"line":66,"column":45}},"34":{"start":{"line":68,"column":8},"end":{"line":68,"column":28}},"35":{"start":{"line":73,"column":0},"end":{"line":73,"column":23}}},"fnMap":{"0":{"name":"(anonymous_0)","decl":{"start":{"line":9,"column":4},"end":{"line":9,"column":5}},"loc":{"start":{"line":9,"column":18},"end":{"line":12,"column":5}},"line":9},"1":{"name":"(anonymous_1)","decl":{"start":{"line":15,"column":14},"end":{"line":15,"column":15}},"loc":{"start":{"line":15,"column":25},"end":{"line":27,"column":5}},"line":15},"2":{"name":"(anonymous_2)","decl":{"start":{"line":30,"column":14},"end":{"line":30,"column":15}},"loc":{"start":{"line":30,"column":20},"end":{"line":38,"column":5}},"line":30},"3":{"name":"(anonymous_3)","decl":{"start":{"line":40,"column":11},"end":{"line":40,"column":12}},"loc":{"start":{"line":40,"column":17},"end":{"line":45,"column":5}},"line":40},"4":{"name":"(anonymous_4)","decl":{"start":{"line":47,"column":14},"end":{"line":47,"column":15}},"loc":{"start":{"line":47,"column":20},"end":{"line":52,"column":5}},"line":47},"5":{"name":"(anonymous_5)","decl":{"start":{"line":55,"column":15},"end":{"line":55,"column":16}},"loc":{"start":{"line":55,"column":21},"end":{"line":69,"column":5}},"line":55}},"branchMap":{"0":{"loc":{"start":{"line":17,"column":8},"end":{"line":22,"column":9}},"type":"if","locations":[{"start":{"line":17,"column":8},"end":{"line":22,"column":9}},{"start":{},"end":{}}],"line":17},"1":{"loc":{"start":{"line":31,"column":8},"end":{"line":33,"column":9}},"type":"if","locations":[{"start":{"line":31,"column":8},"end":{"line":33,"column":9}},{"start":{},"end":{}}],"line":31},"2":{"loc":{"start":{"line":41,"column":8},"end":{"line":43,"column":9}},"type":"if","locations":[{"start":{"line":41,"column":8},"end":{"line":43,"column":9}},{"start":{},"end":{}}],"line":41},"3":{"loc":{"start":{"line":48,"column":8},"end":{"line":50,"column":9}},"type":"if","locations":[{"start":{"line":48,"column":8},"end":{"line":50,"column":9}},{"start":{},"end":{}}],"line":48},"4":{"loc":{"start":{"line":56,"column":8},"end":{"line":58,"column":9}},"type":"if","locations":[{"start":{"line":56,"column":8},"end":{"line":58,"column":9}},{"start":{},"end":{}}],"line":56}},"s":{"0":3,"1":5,"2":5,"3":73,"4":73,"5":15,"6":15,"7":15,"8":58,"9":58,"10":58,"11":5,"12":71,"13":1,"14":70,"15":70,"16":70,"17":5,"18":2,"19":1,"20":1,"21":5,"22":2,"23":1,"24":1,"25":5,"26":3,"27":1,"28":2,"29":2,"30":2,"31":6,"32":6,"33":2,"34":2,"35":3},"f":{"0":5,"1":73,"2":71,"3":2,"4":2,"5":3},"b":{"0":[15,58],"1":[1,70],"2":[1,1],"3":[1,1],"4":[1,2]},"_coverageSchema":"1a1c01bbd47fc00a2c39e90264f33305004495a9","hash":"0818628eef951ed98efbdb8acf3e8c3c9eb8d383"}
,"/home/alaa/Data_Structure_And_Algorithm/class_Directory/Stack/Stack.js": {"path":"/home/alaa/Data_Structure_And_Algorithm/class_Directory/Stack/Stack.js","statementMap":{"0":{"start":{"line":6,"column":11},"end":{"line":6,"column":41}},"1":{"start":{"line":10,"column":8},"end":{"line":10,"column":23}},"2":{"start":{"line":14,"column":11},"end":{"line":25,"column":5}},"3":{"start":{"line":15,"column":19},"end":{"line":15,"column":34}},"4":{"start":{"line":16,"column":8},"end":{"line":20,"column":9}},"5":{"start":{"line":17,"column":12},"end":{"line":17,"column":28}},"6":{"start":{"line":19,"column":12},"end":{"line":19,"column":43}},"7":{"start":{"line":22,"column":8},"end":{"line":22,"column":29}},"8":{"start":{"line":23,"column":8},"end":{"line":23,"column":24}},"9":{"start":{"line":24,"column":8},"end":{"line":24,"column":46}},"10":{"start":{"line":28,"column":10},"end":{"line":37,"column":5}},"11":{"start":{"line":29,"column":8},"end":{"line":31,"column":9}},"12":{"start":{"line":30,"column":12},"end":{"line":30,"column":34}},"13":{"start":{"line":33,"column":21},"end":{"line":33,"column":29}},"14":{"start":{"line":34,"column":8},"end":{"line":34,"column":31}},"15":{"start":{"line":36,"column":8},"end":{"line":36,"column":29}},"16":{"start":{"line":39,"column":11},"end":{"line":44,"column":5}},"17":{"start":{"line":40,"column":8},"end":{"line":42,"column":9}},"18":{"start":{"line":41,"column":12},"end":{"line":41,"column":34}},"19":{"start":{"line":43,"column":8},"end":{"line":43,"column":31}},"20":{"start":{"line":47,"column":14},"end":{"line":52,"column":5}},"21":{"start":{"line":48,"column":8},"end":{"line":50,"column":9}},"22":{"start":{"line":49,"column":12},"end":{"line":49,"column":25}},"23":{"start":{"line":51,"column":8},"end":{"line":51,"column":22}},"24":{"start":{"line":55,"column":15},"end":{"line":69,"column":5}},"25":{"start":{"line":56,"column":8},"end":{"line":58,"column":9}},"26":{"start":{"line":57,"column":12},"end":{"line":57,"column":34}},"27":{"start":{"line":60,"column":22},"end":{"line":60,"column":30}},"28":{"start":{"line":61,"column":27},"end":{"line":61,"column":29}},"29":{"start":{"line":62,"column":8},"end":{"line":65,"column":9}},"30":{"start":{"line":63,"column":12},"end":{"line":63,"column":65}},"31":{"start":{"line":64,"column":12},"end":{"line":64,"column":35}},"32":{"start":{"line":66,"column":8},"end":{"line":66,"column":45}},"33":{"start":{"line":68,"column":8},"end":{"line":68,"column":28}},"34":{"start":{"line":73,"column":0},"end":{"line":73,"column":23}}},"fnMap":{"0":{"name":"(anonymous_0)","decl":{"start":{"line":9,"column":4},"end":{"line":9,"column":5}},"loc":{"start":{"line":9,"column":17},"end":{"line":11,"column":5}},"line":9},"1":{"name":"(anonymous_1)","decl":{"start":{"line":14,"column":11},"end":{"line":14,"column":12}},"loc":{"start":{"line":14,"column":22},"end":{"line":25,"column":5}},"line":14},"2":{"name":"(anonymous_2)","decl":{"start":{"line":28,"column":10},"end":{"line":28,"column":11}},"loc":{"start":{"line":28,"column":16},"end":{"line":37,"column":5}},"line":28},"3":{"name":"(anonymous_3)","decl":{"start":{"line":39,"column":11},"end":{"line":39,"column":12}},"loc":{"start":{"line":39,"column":17},"end":{"line":44,"column":5}},"line":39},"4":{"name":"(anonymous_4)","decl":{"start":{"line":47,"column":14},"end":{"line":47,"column":15}},"loc":{"start":{"line":47,"column":20},"end":{"line":52,"column":5}},"line":47},"5":{"name":"(anonymous_5)","decl":{"start":{"line":55,"column":15},"end":{"line":55,"column":16}},"loc":{"start":{"line":55,"column":21},"end":{"line":69,"column":5}},"line":55}},"branchMap":{"0":{"loc":{"start":{"line":16,"column":8},"end":{"line":20,"column":9}},"type":"if","locations":[{"start":{"line":16,"column":8},"end":{"line":20,"column":9}},{"start":{},"end":{}}],"line":16},"1":{"loc":{"start":{"line":29,"column":8},"end":{"line":31,"column":9}},"type":"if","locations":[{"start":{"line":29,"column":8},"end":{"line":31,"column":9}},{"start":{},"end":{}}],"line":29},"2":{"loc":{"start":{"line":40,"column":8},"end":{"line":42,"column":9}},"type":"if","locations":[{"start":{"line":40,"column":8},"end":{"line":42,"column":9}},{"start":{},"end":{}}],"line":40},"3":{"loc":{"start":{"line":48,"column":8},"end":{"line":50,"column":9}},"type":"if","locations":[{"start":{"line":48,"column":8},"end":{"line":50,"column":9}},{"start":{},"end":{}}],"line":48},"4":{"loc":{"start":{"line":56,"column":8},"end":{"line":58,"column":9}},"type":"if","locations":[{"start":{"line":56,"column":8},"end":{"line":58,"column":9}},{"start":{},"end":{}}],"line":56}},"s":{"0":4,"1":9,"2":9,"3":49,"4":49,"5":8,"6":8,"7":41,"8":41,"9":41,"10":9,"11":32,"12":1,"13":31,"14":31,"15":31,"16":9,"17":2,"18":1,"19":1,"20":9,"21":2,"22":1,"23":1,"24":9,"25":6,"26":1,"27":5,"28":5,"29":5,"30":21,"31":21,"32":5,"33":5,"34":4},"f":{"0":9,"1":49,"2":32,"3":2,"4":2,"5":6},"b":{"0":[8,41],"1":[1,31],"2":[1,1],"3":[1,1],"4":[1,5]},"_coverageSchema":"1a1c01bbd47fc00a2c39e90264f33305004495a9","hash":"d645889d6b2a14716ca0b6d8818fe4b983d5e358"}
,"/home/alaa/Data_Structure_And_Algorithm/function_Directory/BinaryTree/checkLeaf.js": {"path":"/home/alaa/Data_Structure_And_Algorithm/function_Directory/BinaryTree/checkLeaf.js","statementMap":{"0":{"start":{"line":4,"column":14},"end":{"line":4,"column":16}},"1":{"start":{"line":5,"column":21},"end":{"line":5,"column":22}},"2":{"start":{"line":7,"column":16},"end":{"line":20,"column":1}},"3":{"start":{"line":8,"column":4},"end":{"line":10,"column":5}},"4":{"start":{"line":9,"column":8},"end":{"line":9,"column":29}},"5":{"start":{"line":12,"column":4},"end":{"line":12,"column":26}},"6":{"start":{"line":14,"column":17},"end":{"line":14,"column":39}},"7":{"start":{"line":19,"column":4},"end":{"line":19,"column":19}},"8":{"start":{"line":23,"column":16},"end":{"line":35,"column":1}},"9":{"start":{"line":25,"column":4},"end":{"line":27,"column":5}},"10":{"start":{"line":26,"column":8},"end":{"line":26,"column":33}},"11":{"start":{"line":29,"column":4},"end":{"line":31,"column":5}},"12":{"start":{"line":30,"column":8},"end":{"line":30,"column":29}},"13":{"start":{"line":32,"column":4},"end":{"line":34,"column":5}},"14":{"start":{"line":33,"column":8},"end":{"line":33,"column":30}},"15":{"start":{"line":37,"column":17},"end":{"line":53,"column":1}},"16":{"start":{"line":38,"column":23},"end":{"line":38,"column":27}},"17":{"start":{"line":40,"column":4},"end":{"line":43,"column":5}},"18":{"start":{"line":41,"column":8},"end":{"line":41,"column":26}},"19":{"start":{"line":42,"column":8},"end":{"line":42,"column":51}},"20":{"start":{"line":45,"column":4},"end":{"line":47,"column":5}},"21":{"start":{"line":46,"column":8},"end":{"line":46,"column":45}},"22":{"start":{"line":48,"column":4},"end":{"line":50,"column":5}},"23":{"start":{"line":49,"column":8},"end":{"line":49,"column":46}},"24":{"start":{"line":52,"column":4},"end":{"line":52,"column":25}},"25":{"start":{"line":56,"column":0},"end":{"line":56,"column":27}}},"fnMap":{"0":{"name":"(anonymous_0)","decl":{"start":{"line":7,"column":16},"end":{"line":7,"column":17}},"loc":{"start":{"line":7,"column":34},"end":{"line":20,"column":1}},"line":7},"1":{"name":"(anonymous_1)","decl":{"start":{"line":23,"column":16},"end":{"line":23,"column":17}},"loc":{"start":{"line":23,"column":24},"end":{"line":35,"column":1}},"line":23},"2":{"name":"(anonymous_2)","decl":{"start":{"line":37,"column":17},"end":{"line":37,"column":18}},"loc":{"start":{"line":37,"column":25},"end":{"line":53,"column":1}},"line":37}},"branchMap":{"0":{"loc":{"start":{"line":8,"column":4},"end":{"line":10,"column":5}},"type":"if","locations":[{"start":{"line":8,"column":4},"end":{"line":10,"column":5}},{"start":{},"end":{}}],"line":8},"1":{"loc":{"start":{"line":8,"column":7},"end":{"line":8,"column":33}},"type":"binary-expr","locations":[{"start":{"line":8,"column":7},"end":{"line":8,"column":18}},{"start":{"line":8,"column":22},"end":{"line":8,"column":33}}],"line":8},"2":{"loc":{"start":{"line":25,"column":4},"end":{"line":27,"column":5}},"type":"if","locations":[{"start":{"line":25,"column":4},"end":{"line":27,"column":5}},{"start":{},"end":{}}],"line":25},"3":{"loc":{"start":{"line":25,"column":7},"end":{"line":25,"column":32}},"type":"binary-expr","locations":[{"start":{"line":25,"column":7},"end":{"line":25,"column":17}},{"start":{"line":25,"column":21},"end":{"line":25,"column":32}}],"line":25},"4":{"loc":{"start":{"line":29,"column":4},"end":{"line":31,"column":5}},"type":"if","locations":[{"start":{"line":29,"column":4},"end":{"line":31,"column":5}},{"start":{},"end":{}}],"line":29},"5":{"loc":{"start":{"line":32,"column":4},"end":{"line":34,"column":5}},"type":"if","locations":[{"start":{"line":32,"column":4},"end":{"line":34,"column":5}},{"start":{},"end":{}}],"line":32},"6":{"loc":{"start":{"line":40,"column":4},"end":{"line":43,"column":5}},"type":"if","locations":[{"start":{"line":40,"column":4},"end":{"line":43,"column":5}},{"start":{},"end":{}}],"line":40},"7":{"loc":{"start":{"line":40,"column":7},"end":{"line":40,"column":32}},"type":"binary-expr","locations":[{"start":{"line":40,"column":7},"end":{"line":40,"column":17}},{"start":{"line":40,"column":21},"end":{"line":40,"column":32}}],"line":40},"8":{"loc":{"start":{"line":45,"column":4},"end":{"line":47,"column":5}},"type":"if","locations":[{"start":{"line":45,"column":4},"end":{"line":47,"column":5}},{"start":{},"end":{}}],"line":45},"9":{"loc":{"start":{"line":48,"column":4},"end":{"line":50,"column":5}},"type":"if","locations":[{"start":{"line":48,"column":4},"end":{"line":50,"column":5}},{"start":{},"end":{}}],"line":48}},"s":{"0":1,"1":1,"2":1,"3":4,"4":1,"5":3,"6":3,"7":3,"8":1,"9":21,"10":10,"11":21,"12":7,"13":21,"14":11,"15":1,"16":18,"17":18,"18":9,"19":9,"20":18,"21":7,"22":18,"23":8,"24":18,"25":1},"f":{"0":4,"1":21,"2":18},"b":{"0":[1,3],"1":[4,3],"2":[10,11],"3":[21,14],"4":[7,14],"5":[11,10],"6":[9,9],"7":[18,11],"8":[7,11],"9":[8,10]},"_coverageSchema":"1a1c01bbd47fc00a2c39e90264f33305004495a9","hash":"9c9d3366e9d69d5426d21d610caf00263ace1906"}
,"/home/alaa/Data_Structure_And_Algorithm/function_Directory/BinaryTree/equalTrees.js": {"path":"/home/alaa/Data_Structure_And_Algorithm/function_Directory/BinaryTree/equalTrees.js","statementMap":{"0":{"start":{"line":4,"column":14},"end":{"line":4,"column":16}},"1":{"start":{"line":6,"column":15},"end":{"line":16,"column":1}},"2":{"start":{"line":7,"column":4},"end":{"line":9,"column":5}},"3":{"start":{"line":8,"column":8},"end":{"line":8,"column":29}},"4":{"start":{"line":10,"column":4},"end":{"line":12,"column":5}},"5":{"start":{"line":11,"column":8},"end":{"line":11,"column":22}},"6":{"start":{"line":14,"column":4},"end":{"line":14,"column":25}},"7":{"start":{"line":15,"column":4},"end":{"line":15,"column":34}},"8":{"start":{"line":18,"column":15},"end":{"line":26,"column":1}},"9":{"start":{"line":19,"column":4},"end":{"line":19,"column":29}},"10":{"start":{"line":20,"column":4},"end":{"line":22,"column":5}},"11":{"start":{"line":21,"column":8},"end":{"line":21,"column":28}},"12":{"start":{"line":23,"column":4},"end":{"line":25,"column":5}},"13":{"start":{"line":24,"column":8},"end":{"line":24,"column":29}},"14":{"start":{"line":28,"column":16},"end":{"line":38,"column":1}},"15":{"start":{"line":29,"column":17},"end":{"line":29,"column":45}},"16":{"start":{"line":30,"column":4},"end":{"line":32,"column":5}},"17":{"start":{"line":31,"column":8},"end":{"line":31,"column":48}},"18":{"start":{"line":33,"column":4},"end":{"line":35,"column":5}},"19":{"start":{"line":34,"column":8},"end":{"line":34,"column":49}},"20":{"start":{"line":37,"column":4},"end":{"line":37,"column":17}},"21":{"start":{"line":41,"column":0},"end":{"line":41,"column":26}}},"fnMap":{"0":{"name":"(anonymous_0)","decl":{"start":{"line":6,"column":15},"end":{"line":6,"column":16}},"loc":{"start":{"line":6,"column":33},"end":{"line":16,"column":1}},"line":6},"1":{"name":"(anonymous_1)","decl":{"start":{"line":18,"column":15},"end":{"line":18,"column":16}},"loc":{"start":{"line":18,"column":23},"end":{"line":26,"column":1}},"line":18},"2":{"name":"(anonymous_2)","decl":{"start":{"line":28,"column":16},"end":{"line":28,"column":17}},"loc":{"start":{"line":28,"column":24},"end":{"line":38,"column":1}},"line":28}},"branchMap":{"0":{"loc":{"start":{"line":7,"column":4},"end":{"line":9,"column":5}},"type":"if","locations":[{"start":{"line":7,"column":4},"end":{"line":9,"column":5}},{"start":{},"end":{}}],"line":7},"1":{"loc":{"start":{"line":7,"column":7},"end":{"line":7,"column":40}},"type":"binary-expr","locations":[{"start":{"line":7,"column":7},"end":{"line":7,"column":22}},{"start":{"line":7,"column":26},"end":{"line":7,"column":40}}],"line":7},"2":{"loc":{"start":{"line":10,"column":4},"end":{"line":12,"column":5}},"type":"if","locations":[{"start":{"line":10,"column":4},"end":{"line":12,"column":5}},{"start":{},"end":{}}],"line":10},"3":{"loc":{"start":{"line":20,"column":4},"end":{"line":22,"column":5}},"type":"if","locations":[{"start":{"line":20,"column":4},"end":{"line":22,"column":5}},{"start":{},"end":{}}],"line":20},"4":{"loc":{"start":{"line":23,"column":4},"end":{"line":25,"column":5}},"type":"if","locations":[{"start":{"line":23,"column":4},"end":{"line":25,"column":5}},{"start":{},"end":{}}],"line":23},"5":{"loc":{"start":{"line":30,"column":4},"end":{"line":32,"column":5}},"type":"if","locations":[{"start":{"line":30,"column":4},"end":{"line":32,"column":5}},{"start":{},"end":{}}],"line":30},"6":{"loc":{"start":{"line":31,"column":17},"end":{"line":31,"column":47}},"type":"binary-expr","locations":[{"start":{"line":31,"column":17},"end":{"line":31,"column":23}},{"start":{"line":31,"column":27},"end":{"line":31,"column":47}}],"line":31},"7":{"loc":{"start":{"line":33,"column":4},"end":{"line":35,"column":5}},"type":"if","locations":[{"start":{"line":33,"column":4},"end":{"line":35,"column":5}},{"start":{},"end":{}}],"line":33},"8":{"loc":{"start":{"line":34,"column":17},"end":{"line":34,"column":48}},"type":"binary-expr","locations":[{"start":{"line":34,"column":17},"end":{"line":34,"column":23}},{"start":{"line":34,"column":27},"end":{"line":34,"column":48}}],"line":34}},"s":{"0":1,"1":1,"2":4,"3":1,"4":3,"5":1,"6":2,"7":2,"8":1,"9":6,"10":6,"11":1,"12":6,"13":3,"14":1,"15":6,"16":6,"17":1,"18":6,"19":3,"20":6,"21":1},"f":{"0":4,"1":6,"2":6},"b":{"0":[1,3],"1":[4,3],"2":[1,2],"3":[1,5],"4":[3,3],"5":[1,5],"6":[1,1],"7":[3,3],"8":[3,3]},"_coverageSchema":"1a1c01bbd47fc00a2c39e90264f33305004495a9","hash":"71f6cdd0296c7203e7c174e7f88d7b0979ad5fda"}
,"/home/alaa/Data_Structure_And_Algorithm/function_Directory/BinaryTree/printTree.js": {"path":"/home/alaa/Data_Structure_And_Algorithm/function_Directory/BinaryTree/printTree.js","statementMap":{"0":{"start":{"line":4,"column":14},"end":{"line":4,"column":58}},"1":{"start":{"line":19,"column":14},"end":{"line":35,"column":1}},"2":{"start":{"line":20,"column":17},"end":{"line":20,"column":19}},"3":{"start":{"line":22,"column":16},"end":{"line":31,"column":5}},"4":{"start":{"line":23,"column":8},"end":{"line":25,"column":9}},"5":{"start":{"line":24,"column":12},"end":{"line":24,"column":29}},"6":{"start":{"line":26,"column":8},"end":{"line":26,"column":51}},"7":{"start":{"line":27,"column":8},"end":{"line":29,"column":9}},"8":{"start":{"line":28,"column":12},"end":{"line":28,"column":30}},"9":{"start":{"line":30,"column":8},"end":{"line":30,"column":23}},"10":{"start":{"line":33,"column":4},"end":{"line":33,"column":16}},"11":{"start":{"line":34,"column":4},"end":{"line":34,"column":19}},"12":{"start":{"line":38,"column":16},"end":{"line":52,"column":1}},"13":{"start":{"line":39,"column":17},"end":{"line":39,"column":19}},"14":{"start":{"line":40,"column":16},"end":{"line":49,"column":5}},"15":{"start":{"line":41,"column":8},"end":{"line":43,"column":9}},"16":{"start":{"line":42,"column":12},"end":{"line":42,"column":29}},"17":{"start":{"line":44,"column":8},"end":{"line":46,"column":9}},"18":{"start":{"line":45,"column":12},"end":{"line":45,"column":30}},"19":{"start":{"line":47,"column":8},"end":{"line":47,"column":51}},"20":{"start":{"line":48,"column":8},"end":{"line":48,"column":23}},"21":{"start":{"line":50,"column":4},"end":{"line":50,"column":16}},"22":{"start":{"line":51,"column":4},"end":{"line":51,"column":18}},"23":{"start":{"line":55,"column":15},"end":{"line":69,"column":1}},"24":{"start":{"line":56,"column":17},"end":{"line":56,"column":19}},"25":{"start":{"line":57,"column":16},"end":{"line":66,"column":5}},"26":{"start":{"line":58,"column":8},"end":{"line":58,"column":51}},"27":{"start":{"line":59,"column":8},"end":{"line":61,"column":9}},"28":{"start":{"line":60,"column":12},"end":{"line":60,"column":29}},"29":{"start":{"line":62,"column":8},"end":{"line":64,"column":9}},"30":{"start":{"line":63,"column":12},"end":{"line":63,"column":30}},"31":{"start":{"line":65,"column":8},"end":{"line":65,"column":23}},"32":{"start":{"line":67,"column":4},"end":{"line":67,"column":16}},"33":{"start":{"line":68,"column":4},"end":{"line":68,"column":18}},"34":{"start":{"line":71,"column":18},"end":{"line":87,"column":1}},"35":{"start":{"line":72,"column":17},"end":{"line":72,"column":19}},"36":{"start":{"line":73,"column":18},"end":{"line":73,"column":29}},"37":{"start":{"line":74,"column":4},"end":{"line":74,"column":26}},"38":{"start":{"line":76,"column":4},"end":{"line":85,"column":5}},"39":{"start":{"line":77,"column":23},"end":{"line":77,"column":42}},"40":{"start":{"line":78,"column":8},"end":{"line":80,"column":9}},"41":{"start":{"line":79,"column":12},"end":{"line":79,"column":43}},"42":{"start":{"line":81,"column":8},"end":{"line":83,"column":9}},"43":{"start":{"line":82,"column":12},"end":{"line":82,"column":44}},"44":{"start":{"line":84,"column":8},"end":{"line":84,"column":59}},"45":{"start":{"line":86,"column":4},"end":{"line":86,"column":18}},"46":{"start":{"line":90,"column":0},"end":{"line":90,"column":61}}},"fnMap":{"0":{"name":"(anonymous_0)","decl":{"start":{"line":19,"column":14},"end":{"line":19,"column":15}},"loc":{"start":{"line":19,"column":24},"end":{"line":35,"column":1}},"line":19},"1":{"name":"(anonymous_1)","decl":{"start":{"line":22,"column":16},"end":{"line":22,"column":17}},"loc":{"start":{"line":22,"column":26},"end":{"line":31,"column":5}},"line":22},"2":{"name":"(anonymous_2)","decl":{"start":{"line":38,"column":16},"end":{"line":38,"column":17}},"loc":{"start":{"line":38,"column":26},"end":{"line":52,"column":1}},"line":38},"3":{"name":"(anonymous_3)","decl":{"start":{"line":40,"column":16},"end":{"line":40,"column":17}},"loc":{"start":{"line":40,"column":24},"end":{"line":49,"column":5}},"line":40},"4":{"name":"(anonymous_4)","decl":{"start":{"line":55,"column":15},"end":{"line":55,"column":16}},"loc":{"start":{"line":55,"column":25},"end":{"line":69,"column":1}},"line":55},"5":{"name":"(anonymous_5)","decl":{"start":{"line":57,"column":16},"end":{"line":57,"column":17}},"loc":{"start":{"line":57,"column":24},"end":{"line":66,"column":5}},"line":57},"6":{"name":"(anonymous_6)","decl":{"start":{"line":71,"column":18},"end":{"line":71,"column":19}},"loc":{"start":{"line":71,"column":28},"end":{"line":87,"column":1}},"line":71}},"branchMap":{"0":{"loc":{"start":{"line":23,"column":8},"end":{"line":25,"column":9}},"type":"if","locations":[{"start":{"line":23,"column":8},"end":{"line":25,"column":9}},{"start":{},"end":{}}],"line":23},"1":{"loc":{"start":{"line":27,"column":8},"end":{"line":29,"column":9}},"type":"if","locations":[{"start":{"line":27,"column":8},"end":{"line":29,"column":9}},{"start":{},"end":{}}],"line":27},"2":{"loc":{"start":{"line":41,"column":8},"end":{"line":43,"column":9}},"type":"if","locations":[{"start":{"line":41,"column":8},"end":{"line":43,"column":9}},{"start":{},"end":{}}],"line":41},"3":{"loc":{"start":{"line":44,"column":8},"end":{"line":46,"column":9}},"type":"if","locations":[{"start":{"line":44,"column":8},"end":{"line":46,"column":9}},{"start":{},"end":{}}],"line":44},"4":{"loc":{"start":{"line":59,"column":8},"end":{"line":61,"column":9}},"type":"if","locations":[{"start":{"line":59,"column":8},"end":{"line":61,"column":9}},{"start":{},"end":{}}],"line":59},"5":{"loc":{"start":{"line":62,"column":8},"end":{"line":64,"column":9}},"type":"if","locations":[{"start":{"line":62,"column":8},"end":{"line":64,"column":9}},{"start":{},"end":{}}],"line":62},"6":{"loc":{"start":{"line":78,"column":8},"end":{"line":80,"column":9}},"type":"if","locations":[{"start":{"line":78,"column":8},"end":{"line":80,"column":9}},{"start":{},"end":{}}],"line":78},"7":{"loc":{"start":{"line":81,"column":8},"end":{"line":83,"column":9}},"type":"if","locations":[{"start":{"line":81,"column":8},"end":{"line":83,"column":9}},{"start":{},"end":{}}],"line":81}},"s":{"0":1,"1":1,"2":1,"3":1,"4":7,"5":2,"6":7,"7":7,"8":4,"9":7,"10":1,"11":1,"12":1,"13":1,"14":1,"15":7,"16":2,"17":7,"18":4,"19":7,"20":7,"21":1,"22":1,"23":1,"24":1,"25":1,"26":7,"27":7,"28":2,"29":7,"30":4,"31":7,"32":1,"33":1,"34":1,"35":1,"36":1,"37":1,"38":1,"39":7,"40":7,"41":2,"42":7,"43":4,"44":7,"45":1,"46":1},"f":{"0":1,"1":7,"2":1,"3":7,"4":1,"5":7,"6":1},"b":{"0":[2,5],"1":[4,3],"2":[2,5],"3":[4,3],"4":[2,5],"5":[4,3],"6":[2,5],"7":[4,3]},"_coverageSchema":"1a1c01bbd47fc00a2c39e90264f33305004495a9","hash":"0838955d2711586519f1bdedd5de36bde3b60a95"}
,"/home/alaa/Data_Structure_And_Algorithm/function_Directory/LinkedList/addDigitToList.js": {"path":"/home/alaa/Data_Structure_And_Algorithm/function_Directory/LinkedList/addDigitToList.js","statementMap":{"0":{"start":{"line":11,"column":14},"end":{"line":11,"column":38}},"1":{"start":{"line":13,"column":15},"end":{"line":43,"column":1}},"2":{"start":{"line":15,"column":4},"end":{"line":17,"column":5}},"3":{"start":{"line":16,"column":8},"end":{"line":16,"column":37}},"4":{"start":{"line":19,"column":4},"end":{"line":21,"column":5}},"5":{"start":{"line":20,"column":8},"end":{"line":20,"column":43}},"6":{"start":{"line":23,"column":16},"end":{"line":23,"column":17}},"7":{"start":{"line":24,"column":18},"end":{"line":24,"column":27}},"8":{"start":{"line":26,"column":4},"end":{"line":30,"column":5}},"9":{"start":{"line":27,"column":8},"end":{"line":27,"column":20}},"10":{"start":{"line":28,"column":8},"end":{"line":28,"column":31}},"11":{"start":{"line":29,"column":8},"end":{"line":29,"column":31}},"12":{"start":{"line":32,"column":4},"end":{"line":32,"column":18}},"13":{"start":{"line":34,"column":4},"end":{"line":34,"column":21}},"14":{"start":{"line":35,"column":4},"end":{"line":38,"column":5}},"15":{"start":{"line":36,"column":8},"end":{"line":36,"column":30}},"16":{"start":{"line":37,"column":8},"end":{"line":37,"column":37}},"17":{"start":{"line":40,"column":4},"end":{"line":40,"column":18}},"18":{"start":{"line":41,"column":4},"end":{"line":41,"column":29}},"19":{"start":{"line":46,"column":0},"end":{"line":46,"column":26}}},"fnMap":{"0":{"name":"(anonymous_0)","decl":{"start":{"line":13,"column":15},"end":{"line":13,"column":16}},"loc":{"start":{"line":13,"column":33},"end":{"line":43,"column":1}},"line":13}},"branchMap":{"0":{"loc":{"start":{"line":15,"column":4},"end":{"line":17,"column":5}},"type":"if","locations":[{"start":{"line":15,"column":4},"end":{"line":17,"column":5}},{"start":{},"end":{}}],"line":15},"1":{"loc":{"start":{"line":19,"column":4},"end":{"line":21,"column":5}},"type":"if","locations":[{"start":{"line":19,"column":4},"end":{"line":21,"column":5}},{"start":{},"end":{}}],"line":19}},"s":{"0":1,"1":1,"2":5,"3":1,"4":4,"5":2,"6":2,"7":2,"8":2,"9":8,"10":8,"11":8,"12":2,"13":2,"14":2,"15":9,"16":9,"17":2,"18":2,"19":1},"f":{"0":5},"b":{"0":[1,4],"1":[2,2]},"_coverageSchema":"1a1c01bbd47fc00a2c39e90264f33305004495a9","hash":"0b81a276e65bb7aeb9bdf052b31b620a9b85a34a"}
,"/home/alaa/Data_Structure_And_Algorithm/function_Directory/LinkedList/addListWithoutExtra.js": {"path":"/home/alaa/Data_Structure_And_Algorithm/function_Directory/LinkedList/addListWithoutExtra.js","statementMap":{"0":{"start":{"line":7,"column":14},"end":{"line":7,"column":38}},"1":{"start":{"line":9,"column":26},"end":{"line":36,"column":1}},"2":{"start":{"line":11,"column":4},"end":{"line":13,"column":5}},"3":{"start":{"line":12,"column":8},"end":{"line":12,"column":62}},"4":{"start":{"line":15,"column":4},"end":{"line":15,"column":48}},"5":{"start":{"line":16,"column":4},"end":{"line":16,"column":48}},"6":{"start":{"line":21,"column":4},"end":{"line":35,"column":5}},"7":{"start":{"line":22,"column":8},"end":{"line":22,"column":63}},"8":{"start":{"line":23,"column":8},"end":{"line":23,"column":61}},"9":{"start":{"line":25,"column":8},"end":{"line":25,"column":31}},"10":{"start":{"line":27,"column":8},"end":{"line":27,"column":34}},"11":{"start":{"line":29,"column":8},"end":{"line":29,"column":63}},"12":{"start":{"line":30,"column":8},"end":{"line":30,"column":61}},"13":{"start":{"line":32,"column":8},"end":{"line":32,"column":31}},"14":{"start":{"line":34,"column":8},"end":{"line":34,"column":34}},"15":{"start":{"line":38,"column":19},"end":{"line":49,"column":1}},"16":{"start":{"line":40,"column":18},"end":{"line":40,"column":27}},"17":{"start":{"line":42,"column":4},"end":{"line":46,"column":5}},"18":{"start":{"line":43,"column":8},"end":{"line":43,"column":24}},"19":{"start":{"line":44,"column":8},"end":{"line":44,"column":35}},"20":{"start":{"line":45,"column":8},"end":{"line":45,"column":31}},"21":{"start":{"line":48,"column":4},"end":{"line":48,"column":24}},"22":{"start":{"line":51,"column":24},"end":{"line":62,"column":1}},"23":{"start":{"line":52,"column":4},"end":{"line":55,"column":5}},"24":{"start":{"line":53,"column":8},"end":{"line":53,"column":29}},"25":{"start":{"line":54,"column":8},"end":{"line":54,"column":29}},"26":{"start":{"line":57,"column":4},"end":{"line":61,"column":5}},"27":{"start":{"line":58,"column":8},"end":{"line":58,"column":17}},"28":{"start":{"line":60,"column":8},"end":{"line":60,"column":17}},"29":{"start":{"line":65,"column":16},"end":{"line":75,"column":1}},"30":{"start":{"line":67,"column":18},"end":{"line":67,"column":22}},"31":{"start":{"line":68,"column":4},"end":{"line":72,"column":5}},"32":{"start":{"line":69,"column":8},"end":{"line":69,"column":33}},"33":{"start":{"line":70,"column":8},"end":{"line":70,"column":35}},"34":{"start":{"line":71,"column":8},"end":{"line":71,"column":31}},"35":{"start":{"line":74,"column":4},"end":{"line":74,"column":18}},"36":{"start":{"line":79,"column":0},"end":{"line":79,"column":37}}},"fnMap":{"0":{"name":"(anonymous_0)","decl":{"start":{"line":9,"column":26},"end":{"line":9,"column":27}},"loc":{"start":{"line":9,"column":44},"end":{"line":36,"column":1}},"line":9},"1":{"name":"(anonymous_1)","decl":{"start":{"line":38,"column":19},"end":{"line":38,"column":20}},"loc":{"start":{"line":38,"column":29},"end":{"line":49,"column":1}},"line":38},"2":{"name":"(anonymous_2)","decl":{"start":{"line":51,"column":24},"end":{"line":51,"column":25}},"loc":{"start":{"line":51,"column":44},"end":{"line":62,"column":1}},"line":51},"3":{"name":"(anonymous_3)","decl":{"start":{"line":65,"column":16},"end":{"line":65,"column":17}},"loc":{"start":{"line":65,"column":33},"end":{"line":75,"column":1}},"line":65}},"branchMap":{"0":{"loc":{"start":{"line":11,"column":4},"end":{"line":13,"column":5}},"type":"if","locations":[{"start":{"line":11,"column":4},"end":{"line":13,"column":5}},{"start":{},"end":{}}],"line":11},"1":{"loc":{"start":{"line":11,"column":8},"end":{"line":11,"column":34}},"type":"binary-expr","locations":[{"start":{"line":11,"column":8},"end":{"line":11,"column":19}},{"start":{"line":11,"column":23},"end":{"line":11,"column":34}}],"line":11},"2":{"loc":{"start":{"line":21,"column":4},"end":{"line":35,"column":5}},"type":"if","locations":[{"start":{"line":21,"column":4},"end":{"line":35,"column":5}},{"start":{"line":28,"column":11},"end":{"line":35,"column":5}}],"line":21},"3":{"loc":{"start":{"line":52,"column":11},"end":{"line":52,"column":35}},"type":"binary-expr","locations":[{"start":{"line":52,"column":11},"end":{"line":52,"column":21}},{"start":{"line":52,"column":25},"end":{"line":52,"column":35}}],"line":52},"4":{"loc":{"start":{"line":57,"column":4},"end":{"line":61,"column":5}},"type":"if","locations":[{"start":{"line":57,"column":4},"end":{"line":61,"column":5}},{"start":{"line":59,"column":11},"end":{"line":61,"column":5}}],"line":57}},"s":{"0":1,"1":1,"2":3,"3":1,"4":2,"5":2,"6":2,"7":1,"8":1,"9":1,"10":1,"11":1,"12":1,"13":1,"14":1,"15":1,"16":4,"17":4,"18":10,"19":10,"20":10,"21":4,"22":1,"23":2,"24":654,"25":654,"26":2,"27":1,"28":1,"29":1,"30":2,"31":2,"32":8,"33":8,"34":8,"35":2,"36":1},"f":{"0":3,"1":4,"2":2,"3":2},"b":{"0":[1,2],"1":[3,2],"2":[1,1],"3":[656,655],"4":[1,1]},"_coverageSchema":"1a1c01bbd47fc00a2c39e90264f33305004495a9","hash":"0443657908f1f0e94be2526d8c9285cb2d842e79"}
,"/home/alaa/Data_Structure_And_Algorithm/function_Directory/LinkedList/backToFront.js": {"path":"/home/alaa/Data_Structure_And_Algorithm/function_Directory/LinkedList/backToFront.js","statementMap":{"0":{"start":{"line":6,"column":18},"end":{"line":24,"column":1}},"1":{"start":{"line":7,"column":4},"end":{"line":9,"column":5}},"2":{"start":{"line":8,"column":8},"end":{"line":8,"column":36}},"3":{"start":{"line":10,"column":4},"end":{"line":12,"column":5}},"4":{"start":{"line":11,"column":8},"end":{"line":11,"column":47}},"5":{"start":{"line":14,"column":21},"end":{"line":14,"column":36}},"6":{"start":{"line":15,"column":18},"end":{"line":15,"column":27}},"7":{"start":{"line":16,"column":4},"end":{"line":18,"column":5}},"8":{"start":{"line":17,"column":8},"end":{"line":17,"column":31}},"9":{"start":{"line":19,"column":18},"end":{"line":19,"column":31}},"10":{"start":{"line":20,"column":4},"end":{"line":20,"column":31}},"11":{"start":{"line":21,"column":4},"end":{"line":21,"column":30}},"12":{"start":{"line":23,"column":4},"end":{"line":23,"column":28}},"13":{"start":{"line":26,"column":0},"end":{"line":26,"column":29}}},"fnMap":{"0":{"name":"(anonymous_0)","decl":{"start":{"line":6,"column":18},"end":{"line":6,"column":19}},"loc":{"start":{"line":6,"column":28},"end":{"line":24,"column":1}},"line":6}},"branchMap":{"0":{"loc":{"start":{"line":7,"column":4},"end":{"line":9,"column":5}},"type":"if","locations":[{"start":{"line":7,"column":4},"end":{"line":9,"column":5}},{"start":{},"end":{}}],"line":7},"1":{"loc":{"start":{"line":10,"column":4},"end":{"line":12,"column":5}},"type":"if","locations":[{"start":{"line":10,"column":4},"end":{"line":12,"column":5}},{"start":{},"end":{}}],"line":10}},"s":{"0":1,"1":4,"2":1,"3":3,"4":1,"5":2,"6":2,"7":2,"8":6,"9":2,"10":2,"11":2,"12":2,"13":1},"f":{"0":4},"b":{"0":[1,3],"1":[1,2]},"_coverageSchema":"1a1c01bbd47fc00a2c39e90264f33305004495a9","hash":"a45103e04e0c65b7d1a6d767276035e61843dfd8"}
,"/home/alaa/Data_Structure_And_Algorithm/function_Directory/LinkedList/merge_K_Sorted.js": {"path":"/home/alaa/Data_Structure_And_Algorithm/function_Directory/LinkedList/merge_K_Sorted.js","statementMap":{"0":{"start":{"line":6,"column":18},"end":{"line":6,"column":74}},"1":{"start":{"line":8,"column":18},"end":{"line":69,"column":1}},"2":{"start":{"line":9,"column":4},"end":{"line":11,"column":5}},"3":{"start":{"line":10,"column":8},"end":{"line":10,"column":60}},"4":{"start":{"line":13,"column":24},"end":{"line":13,"column":26}},"5":{"start":{"line":14,"column":27},"end":{"line":14,"column":44}},"6":{"start":{"line":15,"column":20},"end":{"line":15,"column":35}},"7":{"start":{"line":17,"column":22},"end":{"line":17,"column":23}},"8":{"start":{"line":19,"column":23},"end":{"line":19,"column":24}},"9":{"start":{"line":20,"column":4},"end":{"line":45,"column":5}},"10":{"start":{"line":22,"column":8},"end":{"line":40,"column":9}},"11":{"start":{"line":22,"column":23},"end":{"line":22,"column":24}},"12":{"start":{"line":24,"column":12},"end":{"line":24,"column":44}},"13":{"start":{"line":26,"column":12},"end":{"line":26,"column":48}},"14":{"start":{"line":28,"column":12},"end":{"line":35,"column":13}},"15":{"start":{"line":28,"column":25},"end":{"line":28,"column":26}},"16":{"start":{"line":29,"column":16},"end":{"line":34,"column":17}},"17":{"start":{"line":30,"column":20},"end":{"line":30,"column":47}},"18":{"start":{"line":32,"column":20},"end":{"line":32,"column":37}},"19":{"start":{"line":33,"column":20},"end":{"line":33,"column":26}},"20":{"start":{"line":36,"column":12},"end":{"line":38,"column":13}},"21":{"start":{"line":37,"column":16},"end":{"line":37,"column":52}},"22":{"start":{"line":43,"column":8},"end":{"line":43,"column":22}},"23":{"start":{"line":48,"column":4},"end":{"line":56,"column":5}},"24":{"start":{"line":48,"column":14},"end":{"line":48,"column":15}},"25":{"start":{"line":49,"column":8},"end":{"line":55,"column":9}},"26":{"start":{"line":49,"column":18},"end":{"line":49,"column":21}},"27":{"start":{"line":50,"column":12},"end":{"line":54,"column":13}},"28":{"start":{"line":51,"column":30},"end":{"line":51,"column":46}},"29":{"start":{"line":52,"column":16},"end":{"line":52,"column":52}},"30":{"start":{"line":53,"column":16},"end":{"line":53,"column":41}},"31":{"start":{"line":58,"column":4},"end":{"line":60,"column":5}},"32":{"start":{"line":58,"column":14},"end":{"line":58,"column":15}},"33":{"start":{"line":59,"column":8},"end":{"line":59,"column":48}},"34":{"start":{"line":63,"column":4},"end":{"line":67,"column":5}},"35":{"start":{"line":64,"column":8},"end":{"line":64,"column":44}},"36":{"start":{"line":66,"column":8},"end":{"line":66,"column":60}},"37":{"start":{"line":71,"column":0},"end":{"line":71,"column":29}}},"fnMap":{"0":{"name":"(anonymous_0)","decl":{"start":{"line":8,"column":18},"end":{"line":8,"column":19}},"loc":{"start":{"line":8,"column":31},"end":{"line":69,"column":1}},"line":8}},"branchMap":{"0":{"loc":{"start":{"line":9,"column":4},"end":{"line":11,"column":5}},"type":"if","locations":[{"start":{"line":9,"column":4},"end":{"line":11,"column":5}},{"start":{},"end":{}}],"line":9},"1":{"loc":{"start":{"line":20,"column":11},"end":{"line":20,"column":61}},"type":"binary-expr","locations":[{"start":{"line":20,"column":11},"end":{"line":20,"column":20}},{"start":{"line":20,"column":25},"end":{"line":20,"column":60}}],"line":20},"2":{"loc":{"start":{"line":29,"column":16},"end":{"line":34,"column":17}},"type":"if","locations":[{"start":{"line":29,"column":16},"end":{"line":34,"column":17}},{"start":{"line":31,"column":23},"end":{"line":34,"column":17}}],"line":29},"3":{"loc":{"start":{"line":36,"column":12},"end":{"line":38,"column":13}},"type":"if","locations":[{"start":{"line":36,"column":12},"end":{"line":38,"column":13}},{"start":{},"end":{}}],"line":36},"4":{"loc":{"start":{"line":50,"column":12},"end":{"line":54,"column":13}},"type":"if","locations":[{"start":{"line":50,"column":12},"end":{"line":54,"column":13}},{"start":{},"end":{}}],"line":50},"5":{"loc":{"start":{"line":63,"column":4},"end":{"line":67,"column":5}},"type":"if","locations":[{"start":{"line":63,"column":4},"end":{"line":67,"column":5}},{"start":{"line":65,"column":9},"end":{"line":67,"column":5}}],"line":63}},"s":{"0":1,"1":1,"2":4,"3":1,"4":3,"5":3,"6":3,"7":3,"8":3,"9":3,"10":4,"11":4,"12":12,"13":12,"14":12,"15":12,"16":18,"17":16,"18":2,"19":2,"20":12,"21":10,"22":4,"23":3,"24":3,"25":10,"26":10,"27":45,"28":6,"29":6,"30":6,"31":3,"32":3,"33":10,"34":3,"35":1,"36":2,"37":1},"f":{"0":4},"b":{"0":[1,3],"1":[7,3],"2":[16,2],"3":[10,2],"4":[6,39],"5":[1,2]},"_coverageSchema":"1a1c01bbd47fc00a2c39e90264f33305004495a9","hash":"a55275d332b43565cc3fdc6ffc40db25d9cd6f27"}
,"/home/alaa/Data_Structure_And_Algorithm/function_Directory/LinkedList/merge_Two_Sorted.js": {"path":"/home/alaa/Data_Structure_And_Algorithm/function_Directory/LinkedList/merge_Two_Sorted.js","statementMap":{"0":{"start":{"line":6,"column":18},"end":{"line":6,"column":74}},"1":{"start":{"line":8,"column":18},"end":{"line":39,"column":1}},"2":{"start":{"line":9,"column":4},"end":{"line":11,"column":5}},"3":{"start":{"line":10,"column":8},"end":{"line":10,"column":62}},"4":{"start":{"line":13,"column":21},"end":{"line":13,"column":38}},"5":{"start":{"line":15,"column":27},"end":{"line":15,"column":47}},"6":{"start":{"line":16,"column":28},"end":{"line":16,"column":49}},"7":{"start":{"line":17,"column":4},"end":{"line":29,"column":5}},"8":{"start":{"line":18,"column":8},"end":{"line":25,"column":9}},"9":{"start":{"line":19,"column":12},"end":{"line":19,"column":52}},"10":{"start":{"line":21,"column":12},"end":{"line":21,"column":53}},"11":{"start":{"line":23,"column":12},"end":{"line":23,"column":53}},"12":{"start":{"line":24,"column":12},"end":{"line":24,"column":52}},"13":{"start":{"line":27,"column":8},"end":{"line":27,"column":51}},"14":{"start":{"line":28,"column":8},"end":{"line":28,"column":49}},"15":{"start":{"line":31,"column":4},"end":{"line":34,"column":5}},"16":{"start":{"line":32,"column":8},"end":{"line":32,"column":49}},"17":{"start":{"line":33,"column":8},"end":{"line":33,"column":51}},"18":{"start":{"line":36,"column":4},"end":{"line":36,"column":35}},"19":{"start":{"line":42,"column":0},"end":{"line":42,"column":29}}},"fnMap":{"0":{"name":"(anonymous_0)","decl":{"start":{"line":8,"column":18},"end":{"line":8,"column":19}},"loc":{"start":{"line":8,"column":57},"end":{"line":39,"column":1}},"line":8}},"branchMap":{"0":{"loc":{"start":{"line":9,"column":4},"end":{"line":11,"column":5}},"type":"if","locations":[{"start":{"line":9,"column":4},"end":{"line":11,"column":5}},{"start":{},"end":{}}],"line":9},"1":{"loc":{"start":{"line":9,"column":8},"end":{"line":9,"column":71}},"type":"binary-expr","locations":[{"start":{"line":9,"column":8},"end":{"line":9,"column":37}},{"start":{"line":9,"column":41},"end":{"line":9,"column":71}}],"line":9},"2":{"loc":{"start":{"line":18,"column":8},"end":{"line":25,"column":9}},"type":"if","locations":[{"start":{"line":18,"column":8},"end":{"line":25,"column":9}},{"start":{"line":22,"column":15},"end":{"line":25,"column":9}}],"line":18}},"s":{"0":1,"1":1,"2":2,"3":1,"4":1,"5":1,"6":1,"7":1,"8":5,"9":4,"10":4,"11":1,"12":1,"13":5,"14":5,"15":1,"16":3,"17":3,"18":1,"19":1},"f":{"0":2},"b":{"0":[1,1],"1":[2,1],"2":[4,1]},"_coverageSchema":"1a1c01bbd47fc00a2c39e90264f33305004495a9","hash":"236a0269f760140abc7eddbd836ae76d27355d94"}
,"/home/alaa/Data_Structure_And_Algorithm/function_Directory/LinkedList/palindromeList.js": {"path":"/home/alaa/Data_Structure_And_Algorithm/function_Directory/LinkedList/palindromeList.js","statementMap":{"0":{"start":{"line":7,"column":17},"end":{"line":26,"column":1}},"1":{"start":{"line":9,"column":4},"end":{"line":16,"column":5}},"2":{"start":{"line":10,"column":8},"end":{"line":10,"column":38}},"3":{"start":{"line":11,"column":16},"end":{"line":11,"column":45}},"4":{"start":{"line":13,"column":8},"end":{"line":13,"column":18}},"5":{"start":{"line":14,"column":8},"end":{"line":14,"column":18}},"6":{"start":{"line":20,"column":4},"end":{"line":22,"column":5}},"7":{"start":{"line":21,"column":8},"end":{"line":21,"column":38}},"8":{"start":{"line":25,"column":4},"end":{"line":25,"column":24}},"9":{"start":{"line":28,"column":24},"end":{"line":40,"column":1}},"10":{"start":{"line":30,"column":4},"end":{"line":32,"column":5}},"11":{"start":{"line":31,"column":8},"end":{"line":31,"column":37}},"12":{"start":{"line":34,"column":13},"end":{"line":34,"column":15}},"13":{"start":{"line":35,"column":13},"end":{"line":35,"column":15}},"14":{"start":{"line":37,"column":17},"end":{"line":37,"column":52}},"15":{"start":{"line":39,"column":4},"end":{"line":39,"column":36}},"16":{"start":{"line":42,"column":0},"end":{"line":42,"column":35}}},"fnMap":{"0":{"name":"(anonymous_0)","decl":{"start":{"line":7,"column":17},"end":{"line":7,"column":18}},"loc":{"start":{"line":7,"column":35},"end":{"line":26,"column":1}},"line":7},"1":{"name":"(anonymous_1)","decl":{"start":{"line":28,"column":24},"end":{"line":28,"column":25}},"loc":{"start":{"line":28,"column":40},"end":{"line":40,"column":1}},"line":28}},"branchMap":{"0":{"loc":{"start":{"line":9,"column":4},"end":{"line":16,"column":5}},"type":"if","locations":[{"start":{"line":9,"column":4},"end":{"line":16,"column":5}},{"start":{},"end":{}}],"line":9},"1":{"loc":{"start":{"line":20,"column":4},"end":{"line":22,"column":5}},"type":"if","locations":[{"start":{"line":20,"column":4},"end":{"line":22,"column":5}},{"start":{},"end":{}}],"line":20},"2":{"loc":{"start":{"line":30,"column":4},"end":{"line":32,"column":5}},"type":"if","locations":[{"start":{"line":30,"column":4},"end":{"line":32,"column":5}},{"start":{},"end":{}}],"line":30}},"s":{"0":1,"1":12,"2":10,"3":10,"4":10,"5":10,"6":12,"7":10,"8":12,"9":1,"10":3,"11":1,"12":2,"13":2,"14":2,"15":2,"16":1},"f":{"0":12,"1":3},"b":{"0":[10,2],"1":[10,2],"2":[1,2]},"_coverageSchema":"1a1c01bbd47fc00a2c39e90264f33305004495a9","hash":"8566290276b9e1b87861f08e04a4c177ada94f86"}
,"/home/alaa/Data_Structure_And_Algorithm/function_Directory/LinkedList/pop_In_LinkedList.js": {"path":"/home/alaa/Data_Structure_And_Algorithm/function_Directory/LinkedList/pop_In_LinkedList.js","statementMap":{"0":{"start":{"line":7,"column":10},"end":{"line":16,"column":1}},"1":{"start":{"line":8,"column":4},"end":{"line":10,"column":5}},"2":{"start":{"line":9,"column":8},"end":{"line":9,"column":36}},"3":{"start":{"line":12,"column":15},"end":{"line":12,"column":30}},"4":{"start":{"line":13,"column":4},"end":{"line":13,"column":32}},"5":{"start":{"line":15,"column":4},"end":{"line":15,"column":23}},"6":{"start":{"line":18,"column":0},"end":{"line":18,"column":21}}},"fnMap":{"0":{"name":"(anonymous_0)","decl":{"start":{"line":7,"column":10},"end":{"line":7,"column":11}},"loc":{"start":{"line":7,"column":26},"end":{"line":16,"column":1}},"line":7}},"branchMap":{"0":{"loc":{"start":{"line":8,"column":4},"end":{"line":10,"column":5}},"type":"if","locations":[{"start":{"line":8,"column":4},"end":{"line":10,"column":5}},{"start":{},"end":{}}],"line":8}},"s":{"0":1,"1":4,"2":1,"3":3,"4":3,"5":3,"6":1},"f":{"0":4},"b":{"0":[1,3]},"_coverageSchema":"1a1c01bbd47fc00a2c39e90264f33305004495a9","hash":"d422aeeaa4ad518b896fcdc7ad8e4605a0d4dc30"}
,"/home/alaa/Data_Structure_And_Algorithm/function_Directory/LinkedList/reArrange.js": {"path":"/home/alaa/Data_Structure_And_Algorithm/function_Directory/LinkedList/reArrange.js","statementMap":{"0":{"start":{"line":6,"column":26},"end":{"line":27,"column":1}},"1":{"start":{"line":7,"column":4},"end":{"line":9,"column":5}},"2":{"start":{"line":8,"column":8},"end":{"line":8,"column":37}},"3":{"start":{"line":11,"column":18},"end":{"line":11,"column":33}},"4":{"start":{"line":12,"column":4},"end":{"line":23,"column":5}},"5":{"start":{"line":13,"column":24},"end":{"line":13,"column":36}},"6":{"start":{"line":14,"column":8},"end":{"line":21,"column":9}},"7":{"start":{"line":15,"column":12},"end":{"line":19,"column":13}},"8":{"start":{"line":16,"column":33},"end":{"line":16,"column":48}},"9":{"start":{"line":17,"column":16},"end":{"line":17,"column":48}},"10":{"start":{"line":18,"column":16},"end":{"line":18,"column":43}},"11":{"start":{"line":20,"column":12},"end":{"line":20,"column":39}},"12":{"start":{"line":22,"column":8},"end":{"line":22,"column":31}},"13":{"start":{"line":26,"column":4},"end":{"line":26,"column":34}},"14":{"start":{"line":30,"column":0},"end":{"line":30,"column":37}}},"fnMap":{"0":{"name":"(anonymous_0)","decl":{"start":{"line":6,"column":26},"end":{"line":6,"column":27}},"loc":{"start":{"line":6,"column":42},"end":{"line":27,"column":1}},"line":6}},"branchMap":{"0":{"loc":{"start":{"line":7,"column":4},"end":{"line":9,"column":5}},"type":"if","locations":[{"start":{"line":7,"column":4},"end":{"line":9,"column":5}},{"start":{},"end":{}}],"line":7},"1":{"loc":{"start":{"line":15,"column":12},"end":{"line":19,"column":13}},"type":"if","locations":[{"start":{"line":15,"column":12},"end":{"line":19,"column":13}},{"start":{},"end":{}}],"line":15}},"s":{"0":1,"1":3,"2":1,"3":2,"4":2,"5":10,"6":10,"7":20,"8":13,"9":13,"10":13,"11":20,"12":10,"13":2,"14":1},"f":{"0":3},"b":{"0":[1,2],"1":[13,7]},"_coverageSchema":"1a1c01bbd47fc00a2c39e90264f33305004495a9","hash":"5dc016b283a5908fa4bc8a810ccd7f58cc1d37ca"}
,"/home/alaa/Data_Structure_And_Algorithm/function_Directory/LinkedList/removeDuplicate.js": {"path":"/home/alaa/Data_Structure_And_Algorithm/function_Directory/LinkedList/removeDuplicate.js","statementMap":{"0":{"start":{"line":8,"column":22},"end":{"line":26,"column":1}},"1":{"start":{"line":9,"column":4},"end":{"line":11,"column":5}},"2":{"start":{"line":10,"column":8},"end":{"line":10,"column":37}},"3":{"start":{"line":12,"column":4},"end":{"line":14,"column":5}},"4":{"start":{"line":13,"column":8},"end":{"line":13,"column":48}},"5":{"start":{"line":16,"column":18},"end":{"line":16,"column":27}},"6":{"start":{"line":17,"column":4},"end":{"line":23,"column":5}},"7":{"start":{"line":18,"column":8},"end":{"line":22,"column":9}},"8":{"start":{"line":19,"column":12},"end":{"line":19,"column":45}},"9":{"start":{"line":21,"column":12},"end":{"line":21,"column":35}},"10":{"start":{"line":25,"column":4},"end":{"line":25,"column":29}},"11":{"start":{"line":28,"column":0},"end":{"line":28,"column":33}}},"fnMap":{"0":{"name":"(anonymous_0)","decl":{"start":{"line":8,"column":22},"end":{"line":8,"column":23}},"loc":{"start":{"line":8,"column":32},"end":{"line":26,"column":1}},"line":8}},"branchMap":{"0":{"loc":{"start":{"line":9,"column":4},"end":{"line":11,"column":5}},"type":"if","locations":[{"start":{"line":9,"column":4},"end":{"line":11,"column":5}},{"start":{},"end":{}}],"line":9},"1":{"loc":{"start":{"line":12,"column":4},"end":{"line":14,"column":5}},"type":"if","locations":[{"start":{"line":12,"column":4},"end":{"line":14,"column":5}},{"start":{},"end":{}}],"line":12},"2":{"loc":{"start":{"line":18,"column":8},"end":{"line":22,"column":9}},"type":"if","locations":[{"start":{"line":18,"column":8},"end":{"line":22,"column":9}},{"start":{"line":20,"column":15},"end":{"line":22,"column":9}}],"line":18}},"s":{"0":1,"1":4,"2":1,"3":3,"4":1,"5":2,"6":2,"7":13,"8":5,"9":8,"10":2,"11":1},"f":{"0":4},"b":{"0":[1,3],"1":[1,2],"2":[5,8]},"_coverageSchema":"1a1c01bbd47fc00a2c39e90264f33305004495a9","hash":"115a8923a6dd0facbe92f2a807ec794bcccd1318"}
,"/home/alaa/Data_Structure_And_Algorithm/function_Directory/LinkedList/reverseList.js": {"path":"/home/alaa/Data_Structure_And_Algorithm/function_Directory/LinkedList/reverseList.js","statementMap":{"0":{"start":{"line":6,"column":14},"end":{"line":29,"column":1}},"1":{"start":{"line":8,"column":4},"end":{"line":10,"column":5}},"2":{"start":{"line":9,"column":8},"end":{"line":9,"column":36}},"3":{"start":{"line":12,"column":18},"end":{"line":12,"column":33}},"4":{"start":{"line":13,"column":19},"end":{"line":13,"column":31}},"5":{"start":{"line":14,"column":19},"end":{"line":14,"column":23}},"6":{"start":{"line":18,"column":4},"end":{"line":24,"column":5}},"7":{"start":{"line":19,"column":8},"end":{"line":19,"column":32}},"8":{"start":{"line":21,"column":8},"end":{"line":21,"column":32}},"9":{"start":{"line":22,"column":8},"end":{"line":22,"column":27}},"10":{"start":{"line":23,"column":8},"end":{"line":23,"column":27}},"11":{"start":{"line":26,"column":4},"end":{"line":26,"column":31}},"12":{"start":{"line":28,"column":4},"end":{"line":28,"column":23}},"13":{"start":{"line":31,"column":0},"end":{"line":31,"column":25}}},"fnMap":{"0":{"name":"(anonymous_0)","decl":{"start":{"line":6,"column":14},"end":{"line":6,"column":15}},"loc":{"start":{"line":6,"column":30},"end":{"line":29,"column":1}},"line":6}},"branchMap":{"0":{"loc":{"start":{"line":8,"column":4},"end":{"line":10,"column":5}},"type":"if","locations":[{"start":{"line":8,"column":4},"end":{"line":10,"column":5}},{"start":{},"end":{}}],"line":8}},"s":{"0":3,"1":7,"2":1,"3":6,"4":6,"5":6,"6":6,"7":25,"8":25,"9":25,"10":25,"11":6,"12":6,"13":3},"f":{"0":7},"b":{"0":[1,6]},"_coverageSchema":"1a1c01bbd47fc00a2c39e90264f33305004495a9","hash":"bd4a77622e9a854eca5b93100f9a315e43440469"}
,"/home/alaa/Data_Structure_And_Algorithm/function_Directory/LinkedList/reversePortion.js": {"path":"/home/alaa/Data_Structure_And_Algorithm/function_Directory/LinkedList/reversePortion.js","statementMap":{"0":{"start":{"line":6,"column":21},"end":{"line":61,"column":1}},"1":{"start":{"line":7,"column":4},"end":{"line":9,"column":5}},"2":{"start":{"line":8,"column":8},"end":{"line":8,"column":37}},"3":{"start":{"line":20,"column":4},"end":{"line":56,"column":5}},"4":{"start":{"line":21,"column":8},"end":{"line":21,"column":34}},"5":{"start":{"line":23,"column":8},"end":{"line":37,"column":9}},"6":{"start":{"line":23,"column":21},"end":{"line":23,"column":22}},"7":{"start":{"line":24,"column":12},"end":{"line":26,"column":13}},"8":{"start":{"line":25,"column":16},"end":{"line":25,"column":45}},"9":{"start":{"line":28,"column":12},"end":{"line":30,"column":13}},"10":{"start":{"line":29,"column":16},"end":{"line":29,"column":44}},"11":{"start":{"line":32,"column":12},"end":{"line":34,"column":13}},"12":{"start":{"line":33,"column":16},"end":{"line":33,"column":42}},"13":{"start":{"line":36,"column":12},"end":{"line":36,"column":35}},"14":{"start":{"line":39,"column":8},"end":{"line":39,"column":34}},"15":{"start":{"line":40,"column":8},"end":{"line":51,"column":9}},"16":{"start":{"line":40,"column":21},"end":{"line":40,"column":22}},"17":{"start":{"line":41,"column":12},"end":{"line":43,"column":13}},"18":{"start":{"line":42,"column":16},"end":{"line":42,"column":44}},"19":{"start":{"line":45,"column":12},"end":{"line":47,"column":13}},"20":{"start":{"line":46,"column":16},"end":{"line":46,"column":45}},"21":{"start":{"line":50,"column":12},"end":{"line":50,"column":35}},"22":{"start":{"line":54,"column":8},"end":{"line":54,"column":23}},"23":{"start":{"line":55,"column":8},"end":{"line":55,"column":25}},"24":{"start":{"line":59,"column":4},"end":{"line":59,"column":34}},"25":{"start":{"line":64,"column":0},"end":{"line":64,"column":32}}},"fnMap":{"0":{"name":"(anonymous_0)","decl":{"start":{"line":6,"column":21},"end":{"line":6,"column":22}},"loc":{"start":{"line":6,"column":65},"end":{"line":61,"column":1}},"line":6}},"branchMap":{"0":{"loc":{"start":{"line":7,"column":4},"end":{"line":9,"column":5}},"type":"if","locations":[{"start":{"line":7,"column":4},"end":{"line":9,"column":5}},{"start":{},"end":{}}],"line":7},"1":{"loc":{"start":{"line":24,"column":12},"end":{"line":26,"column":13}},"type":"if","locations":[{"start":{"line":24,"column":12},"end":{"line":26,"column":13}},{"start":{},"end":{}}],"line":24},"2":{"loc":{"start":{"line":24,"column":15},"end":{"line":24,"column":42}},"type":"binary-expr","locations":[{"start":{"line":24,"column":15},"end":{"line":24,"column":31}},{"start":{"line":24,"column":35},"end":{"line":24,"column":42}}],"line":24},"3":{"loc":{"start":{"line":28,"column":12},"end":{"line":30,"column":13}},"type":"if","locations":[{"start":{"line":28,"column":12},"end":{"line":30,"column":13}},{"start":{},"end":{}}],"line":28},"4":{"loc":{"start":{"line":28,"column":15},"end":{"line":28,"column":40}},"type":"binary-expr","locations":[{"start":{"line":28,"column":15},"end":{"line":28,"column":29}},{"start":{"line":28,"column":33},"end":{"line":28,"column":40}}],"line":28},"5":{"loc":{"start":{"line":32,"column":12},"end":{"line":34,"column":13}},"type":"if","locations":[{"start":{"line":32,"column":12},"end":{"line":34,"column":13}},{"start":{},"end":{}}],"line":32},"6":{"loc":{"start":{"line":32,"column":15},"end":{"line":32,"column":56}},"type":"binary-expr","locations":[{"start":{"line":32,"column":15},"end":{"line":32,"column":31}},{"start":{"line":32,"column":35},"end":{"line":32,"column":56}}],"line":32},"7":{"loc":{"start":{"line":41,"column":12},"end":{"line":43,"column":13}},"type":"if","locations":[{"start":{"line":41,"column":12},"end":{"line":43,"column":13}},{"start":{},"end":{}}],"line":41},"8":{"loc":{"start":{"line":41,"column":15},"end":{"line":41,"column":42}},"type":"binary-expr","locations":[{"start":{"line":41,"column":15},"end":{"line":41,"column":31}},{"start":{"line":41,"column":35},"end":{"line":41,"column":42}}],"line":41},"9":{"loc":{"start":{"line":45,"column":12},"end":{"line":47,"column":13}},"type":"if","locations":[{"start":{"line":45,"column":12},"end":{"line":47,"column":13}},{"start":{},"end":{}}],"line":45},"10":{"loc":{"start":{"line":45,"column":15},"end":{"line":45,"column":40}},"type":"binary-expr","locations":[{"start":{"line":45,"column":15},"end":{"line":45,"column":29}},{"start":{"line":45,"column":33},"end":{"line":45,"column":40}}],"line":45}},"s":{"0":1,"1":4,"2":1,"3":3,"4":4,"5":4,"6":4,"7":19,"8":4,"9":19,"10":3,"11":19,"12":1,"13":18,"14":3,"15":3,"16":3,"17":14,"18":3,"19":14,"20":3,"21":14,"22":3,"23":3,"24":2,"25":1},"f":{"0":4},"b":{"0":[1,3],"1":[4,15],"2":[19,4],"3":[3,16],"4":[19,4],"5":[1,18],"6":[19,18],"7":[3,11],"8":[14,3],"9":[3,11],"10":[14,3]},"_coverageSchema":"1a1c01bbd47fc00a2c39e90264f33305004495a9","hash":"359875c4324cc313e56162197491fa1438ca5999"}
,"/home/alaa/Data_Structure_And_Algorithm/function_Directory/Stack_And_Queue/minPass.js": {"path":"/home/alaa/Data_Structure_And_Algorithm/function_Directory/Stack_And_Queue/minPass.js","statementMap":{"0":{"start":{"line":8,"column":12},"end":{"line":8,"column":56}},"1":{"start":{"line":10,"column":14},"end":{"line":74,"column":1}},"2":{"start":{"line":11,"column":4},"end":{"line":13,"column":5}},"3":{"start":{"line":12,"column":8},"end":{"line":12,"column":32}},"4":{"start":{"line":15,"column":22},"end":{"line":15,"column":33}},"5":{"start":{"line":16,"column":17},"end":{"line":16,"column":18}},"6":{"start":{"line":17,"column":15},"end":{"line":17,"column":20}},"7":{"start":{"line":19,"column":4},"end":{"line":29,"column":5}},"8":{"start":{"line":19,"column":17},"end":{"line":19,"column":18}},"9":{"start":{"line":20,"column":8},"end":{"line":25,"column":9}},"10":{"start":{"line":20,"column":21},"end":{"line":20,"column":22}},"11":{"start":{"line":21,"column":12},"end":{"line":24,"column":13}},"12":{"start":{"line":22,"column":16},"end":{"line":22,"column":26}},"13":{"start":{"line":23,"column":16},"end":{"line":23,"column":22}},"14":{"start":{"line":26,"column":8},"end":{"line":28,"column":9}},"15":{"start":{"line":27,"column":12},"end":{"line":27,"column":18}},"16":{"start":{"line":31,"column":4},"end":{"line":70,"column":5}},"17":{"start":{"line":32,"column":8},"end":{"line":32,"column":21}},"18":{"start":{"line":33,"column":8},"end":{"line":33,"column":20}},"19":{"start":{"line":35,"column":8},"end":{"line":69,"column":9}},"20":{"start":{"line":35,"column":21},"end":{"line":35,"column":22}},"21":{"start":{"line":36,"column":12},"end":{"line":60,"column":13}},"22":{"start":{"line":36,"column":25},"end":{"line":36,"column":26}},"23":{"start":{"line":37,"column":16},"end":{"line":59,"column":17}},"24":{"start":{"line":38,"column":20},"end":{"line":38,"column":54}},"25":{"start":{"line":40,"column":20},"end":{"line":58,"column":21}},"26":{"start":{"line":41,"column":24},"end":{"line":45,"column":25}},"27":{"start":{"line":42,"column":28},"end":{"line":42,"column":67}},"28":{"start":{"line":44,"column":28},"end":{"line":44,"column":62}},"29":{"start":{"line":46,"column":27},"end":{"line":58,"column":21}},"30":{"start":{"line":47,"column":24},"end":{"line":51,"column":25}},"31":{"start":{"line":48,"column":28},"end":{"line":48,"column":67}},"32":{"start":{"line":50,"column":28},"end":{"line":50,"column":62}},"33":{"start":{"line":53,"column":24},"end":{"line":57,"column":25}},"34":{"start":{"line":54,"column":28},"end":{"line":54,"column":67}},"35":{"start":{"line":56,"column":28},"end":{"line":56,"column":62}},"36":{"start":{"line":62,"column":12},"end":{"line":67,"column":13}},"37":{"start":{"line":62,"column":25},"end":{"line":62,"column":26}},"38":{"start":{"line":63,"column":16},"end":{"line":63,"column":53}},"39":{"start":{"line":64,"column":16},"end":{"line":66,"column":17}},"40":{"start":{"line":65,"column":20},"end":{"line":65,"column":32}},"41":{"start":{"line":73,"column":4},"end":{"line":73,"column":20}},"42":{"start":{"line":76,"column":0},"end":{"line":76,"column":25}}},"fnMap":{"0":{"name":"(anonymous_0)","decl":{"start":{"line":10,"column":14},"end":{"line":10,"column":15}},"loc":{"start":{"line":10,"column":26},"end":{"line":74,"column":1}},"line":10}},"branchMap":{"0":{"loc":{"start":{"line":11,"column":4},"end":{"line":13,"column":5}},"type":"if","locations":[{"start":{"line":11,"column":4},"end":{"line":13,"column":5}},{"start":{},"end":{}}],"line":11},"1":{"loc":{"start":{"line":21,"column":12},"end":{"line":24,"column":13}},"type":"if","locations":[{"start":{"line":21,"column":12},"end":{"line":24,"column":13}},{"start":{},"end":{}}],"line":21},"2":{"loc":{"start":{"line":26,"column":8},"end":{"line":28,"column":9}},"type":"if","locations":[{"start":{"line":26,"column":8},"end":{"line":28,"column":9}},{"start":{},"end":{}}],"line":26},"3":{"loc":{"start":{"line":37,"column":16},"end":{"line":59,"column":17}},"type":"if","locations":[{"start":{"line":37,"column":16},"end":{"line":59,"column":17}},{"start":{"line":39,"column":23},"end":{"line":59,"column":17}}],"line":37},"4":{"loc":{"start":{"line":40,"column":20},"end":{"line":58,"column":21}},"type":"if","locations":[{"start":{"line":40,"column":20},"end":{"line":58,"column":21}},{"start":{"line":46,"column":27},"end":{"line":58,"column":21}}],"line":40},"5":{"loc":{"start":{"line":40,"column":24},"end":{"line":40,"column":56}},"type":"binary-expr","locations":[{"start":{"line":40,"column":24},"end":{"line":40,"column":29}},{"start":{"line":40,"column":34},"end":{"line":40,"column":55}}],"line":40},"6":{"loc":{"start":{"line":41,"column":24},"end":{"line":45,"column":25}},"type":"if","locations":[{"start":{"line":41,"column":24},"end":{"line":45,"column":25}},{"start":{"line":43,"column":31},"end":{"line":45,"column":25}}],"line":41},"7":{"loc":{"start":{"line":41,"column":28},"end":{"line":41,"column":120}},"type":"binary-expr","locations":[{"start":{"line":41,"column":28},"end":{"line":41,"column":48}},{"start":{"line":41,"column":52},"end":{"line":41,"column":72}},{"start":{"line":41,"column":76},"end":{"line":41,"column":96}},{"start":{"line":41,"column":100},"end":{"line":41,"column":120}}],"line":41},"8":{"loc":{"start":{"line":46,"column":27},"end":{"line":58,"column":21}},"type":"if","locations":[{"start":{"line":46,"column":27},"end":{"line":58,"column":21}},{"start":{"line":52,"column":27},"end":{"line":58,"column":21}}],"line":46},"9":{"loc":{"start":{"line":47,"column":24},"end":{"line":51,"column":25}},"type":"if","locations":[{"start":{"line":47,"column":24},"end":{"line":51,"column":25}},{"start":{"line":49,"column":31},"end":{"line":51,"column":25}}],"line":47},"10":{"loc":{"start":{"line":47,"column":28},"end":{"line":47,"column":96}},"type":"binary-expr","locations":[{"start":{"line":47,"column":28},"end":{"line":47,"column":48}},{"start":{"line":47,"column":52},"end":{"line":47,"column":72}},{"start":{"line":47,"column":76},"end":{"line":47,"column":96}}],"line":47},"11":{"loc":{"start":{"line":53,"column":24},"end":{"line":57,"column":25}},"type":"if","locations":[{"start":{"line":53,"column":24},"end":{"line":57,"column":25}},{"start":{"line":55,"column":31},"end":{"line":57,"column":25}}],"line":53},"12":{"loc":{"start":{"line":53,"column":28},"end":{"line":53,"column":96}},"type":"binary-expr","locations":[{"start":{"line":53,"column":28},"end":{"line":53,"column":48}},{"start":{"line":53,"column":52},"end":{"line":53,"column":72}},{"start":{"line":53,"column":76},"end":{"line":53,"column":96}}],"line":53},"13":{"loc":{"start":{"line":64,"column":16},"end":{"line":66,"column":17}},"type":"if","locations":[{"start":{"line":64,"column":16},"end":{"line":66,"column":17}},{"start":{},"end":{}}],"line":64}},"s":{"0":1,"1":1,"2":3,"3":1,"4":2,"5":2,"6":2,"7":2,"8":2,"9":5,"10":5,"11":17,"12":1,"13":1,"14":5,"15":1,"16":2,"17":3,"18":3,"19":3,"20":3,"21":12,"22":12,"23":60,"24":44,"25":16,"26":6,"27":5,"28":1,"29":10,"30":6,"31":3,"32":3,"33":4,"34":3,"35":1,"36":12,"37":12,"38":60,"39":60,"40":5,"41":2,"42":1},"f":{"0":3},"b":{"0":[1,2],"1":[1,16],"2":[1,4],"3":[44,16],"4":[6,10],"5":[16,10],"6":[5,1],"7":[6,4,4,2],"8":[6,4],"9":[3,3],"10":[6,3,3],"11":[3,1],"12":[4,4,2],"13":[5,55]},"_coverageSchema":"1a1c01bbd47fc00a2c39e90264f33305004495a9","hash":"3f919b9b69f2038cc9e0b7aa7db5ec7d9fde074e"}
,"/home/alaa/Data_Structure_And_Algorithm/function_Directory/Stack_And_Queue/reverseStack.js": {"path":"/home/alaa/Data_Structure_And_Algorithm/function_Directory/Stack_And_Queue/reverseStack.js","statementMap":{"0":{"start":{"line":12,"column":4},"end":{"line":14,"column":5}},"1":{"start":{"line":13,"column":8},"end":{"line":13,"column":30}},"2":{"start":{"line":16,"column":20},"end":{"line":16,"column":22}},"3":{"start":{"line":18,"column":23},"end":{"line":24,"column":5}},"4":{"start":{"line":19,"column":19},"end":{"line":19,"column":30}},"5":{"start":{"line":20,"column":8},"end":{"line":22,"column":9}},"6":{"start":{"line":21,"column":12},"end":{"line":21,"column":32}},"7":{"start":{"line":23,"column":8},"end":{"line":23,"column":29}},"8":{"start":{"line":26,"column":4},"end":{"line":26,"column":24}},"9":{"start":{"line":27,"column":4},"end":{"line":29,"column":5}},"10":{"start":{"line":27,"column":14},"end":{"line":27,"column":15}},"11":{"start":{"line":28,"column":8},"end":{"line":28,"column":33}},"12":{"start":{"line":31,"column":4},"end":{"line":31,"column":29}},"13":{"start":{"line":35,"column":0},"end":{"line":35,"column":30}}},"fnMap":{"0":{"name":"reverseStack","decl":{"start":{"line":11,"column":9},"end":{"line":11,"column":21}},"loc":{"start":{"line":11,"column":28},"end":{"line":32,"column":1}},"line":11},"1":{"name":"(anonymous_1)","decl":{"start":{"line":18,"column":23},"end":{"line":18,"column":24}},"loc":{"start":{"line":18,"column":34},"end":{"line":24,"column":5}},"line":18}},"branchMap":{"0":{"loc":{"start":{"line":12,"column":4},"end":{"line":14,"column":5}},"type":"if","locations":[{"start":{"line":12,"column":4},"end":{"line":14,"column":5}},{"start":{},"end":{}}],"line":12},"1":{"loc":{"start":{"line":20,"column":8},"end":{"line":22,"column":9}},"type":"if","locations":[{"start":{"line":20,"column":8},"end":{"line":22,"column":9}},{"start":{},"end":{}}],"line":20}},"s":{"0":2,"1":1,"2":1,"3":1,"4":4,"5":4,"6":3,"7":4,"8":1,"9":1,"10":1,"11":4,"12":1,"13":1},"f":{"0":2,"1":4},"b":{"0":[1,1],"1":[3,1]},"_coverageSchema":"1a1c01bbd47fc00a2c39e90264f33305004495a9","hash":"deda5fbf40171fd79b9b641047f5fdc0b9e0f411"}
,"/home/alaa/Data_Structure_And_Algorithm/function_Directory/Stack_And_Queue/reverseStr.js": {"path":"/home/alaa/Data_Structure_And_Algorithm/function_Directory/Stack_And_Queue/reverseStr.js","statementMap":{"0":{"start":{"line":6,"column":18},"end":{"line":6,"column":62}},"1":{"start":{"line":8,"column":17},"end":{"line":24,"column":1}},"2":{"start":{"line":9,"column":4},"end":{"line":11,"column":5}},"3":{"start":{"line":10,"column":8},"end":{"line":10,"column":32}},"4":{"start":{"line":12,"column":18},"end":{"line":12,"column":35}},"5":{"start":{"line":14,"column":4},"end":{"line":16,"column":5}},"6":{"start":{"line":14,"column":17},"end":{"line":14,"column":18}},"7":{"start":{"line":15,"column":8},"end":{"line":15,"column":29}},"8":{"start":{"line":17,"column":4},"end":{"line":17,"column":13}},"9":{"start":{"line":19,"column":4},"end":{"line":21,"column":5}},"10":{"start":{"line":20,"column":8},"end":{"line":20,"column":34}},"11":{"start":{"line":23,"column":4},"end":{"line":23,"column":17}},"12":{"start":{"line":26,"column":0},"end":{"line":26,"column":28}}},"fnMap":{"0":{"name":"(anonymous_0)","decl":{"start":{"line":8,"column":17},"end":{"line":8,"column":18}},"loc":{"start":{"line":8,"column":26},"end":{"line":24,"column":1}},"line":8}},"branchMap":{"0":{"loc":{"start":{"line":9,"column":4},"end":{"line":11,"column":5}},"type":"if","locations":[{"start":{"line":9,"column":4},"end":{"line":11,"column":5}},{"start":{},"end":{}}],"line":9}},"s":{"0":1,"1":1,"2":3,"3":1,"4":2,"5":2,"6":2,"7":24,"8":2,"9":2,"10":24,"11":2,"12":1},"f":{"0":3},"b":{"0":[1,2]},"_coverageSchema":"1a1c01bbd47fc00a2c39e90264f33305004495a9","hash":"787480d3e8b25ea840b360935b17ca645a22e0ca"}
,"/home/alaa/Data_Structure_And_Algorithm/function_Directory/Stack_And_Queue/sortRecursively.js": {"path":"/home/alaa/Data_Structure_And_Algorithm/function_Directory/Stack_And_Queue/sortRecursively.js","statementMap":{"0":{"start":{"line":7,"column":22},"end":{"line":17,"column":1}},"1":{"start":{"line":8,"column":4},"end":{"line":10,"column":5}},"2":{"start":{"line":9,"column":8},"end":{"line":9,"column":30}},"3":{"start":{"line":12,"column":15},"end":{"line":12,"column":39}},"4":{"start":{"line":13,"column":4},"end":{"line":13,"column":21}},"5":{"start":{"line":16,"column":4},"end":{"line":16,"column":29}},"6":{"start":{"line":22,"column":20},"end":{"line":29,"column":1}},"7":{"start":{"line":23,"column":4},"end":{"line":25,"column":5}},"8":{"start":{"line":24,"column":8},"end":{"line":24,"column":33}},"9":{"start":{"line":27,"column":4},"end":{"line":27,"column":48}},"10":{"start":{"line":28,"column":4},"end":{"line":28,"column":17}},"11":{"start":{"line":32,"column":20},"end":{"line":47,"column":1}},"12":{"start":{"line":33,"column":4},"end":{"line":37,"column":5}},"13":{"start":{"line":34,"column":8},"end":{"line":36,"column":9}},"14":{"start":{"line":35,"column":12},"end":{"line":35,"column":52}},"15":{"start":{"line":39,"column":4},"end":{"line":45,"column":5}},"16":{"start":{"line":40,"column":8},"end":{"line":44,"column":9}},"17":{"start":{"line":41,"column":26},"end":{"line":41,"column":36}},"18":{"start":{"line":42,"column":12},"end":{"line":42,"column":45}},"19":{"start":{"line":43,"column":12},"end":{"line":43,"column":42}},"20":{"start":{"line":46,"column":4},"end":{"line":46,"column":23}},"21":{"start":{"line":49,"column":0},"end":{"line":49,"column":33}}},"fnMap":{"0":{"name":"(anonymous_0)","decl":{"start":{"line":7,"column":22},"end":{"line":7,"column":23}},"loc":{"start":{"line":7,"column":33},"end":{"line":17,"column":1}},"line":7},"1":{"name":"(anonymous_1)","decl":{"start":{"line":22,"column":20},"end":{"line":22,"column":21}},"loc":{"start":{"line":22,"column":30},"end":{"line":29,"column":1}},"line":22},"2":{"name":"(anonymous_2)","decl":{"start":{"line":32,"column":20},"end":{"line":32,"column":21}},"loc":{"start":{"line":32,"column":45},"end":{"line":47,"column":1}},"line":32}},"branchMap":{"0":{"loc":{"start":{"line":8,"column":4},"end":{"line":10,"column":5}},"type":"if","locations":[{"start":{"line":8,"column":4},"end":{"line":10,"column":5}},{"start":{},"end":{}}],"line":8},"1":{"loc":{"start":{"line":23,"column":4},"end":{"line":25,"column":5}},"type":"if","locations":[{"start":{"line":23,"column":4},"end":{"line":25,"column":5}},{"start":{},"end":{}}],"line":23},"2":{"loc":{"start":{"line":33,"column":4},"end":{"line":37,"column":5}},"type":"if","locations":[{"start":{"line":33,"column":4},"end":{"line":37,"column":5}},{"start":{},"end":{}}],"line":33},"3":{"loc":{"start":{"line":34,"column":8},"end":{"line":36,"column":9}},"type":"if","locations":[{"start":{"line":34,"column":8},"end":{"line":36,"column":9}},{"start":{},"end":{}}],"line":34},"4":{"loc":{"start":{"line":39,"column":4},"end":{"line":45,"column":5}},"type":"if","locations":[{"start":{"line":39,"column":4},"end":{"line":45,"column":5}},{"start":{},"end":{}}],"line":39},"5":{"loc":{"start":{"line":39,"column":7},"end":{"line":39,"column":28}},"type":"binary-expr","locations":[{"start":{"line":39,"column":7},"end":{"line":39,"column":20}},{"start":{"line":39,"column":24},"end":{"line":39,"column":28}}],"line":39},"6":{"loc":{"start":{"line":40,"column":8},"end":{"line":44,"column":9}},"type":"if","locations":[{"start":{"line":40,"column":8},"end":{"line":44,"column":9}},{"start":{},"end":{}}],"line":40}},"s":{"0":1,"1":3,"2":1,"3":2,"4":2,"5":2,"6":1,"7":11,"8":9,"9":11,"10":11,"11":1,"12":27,"13":25,"14":16,"15":27,"16":25,"17":15,"18":15,"19":15,"20":27,"21":1},"f":{"0":3,"1":11,"2":27},"b":{"0":[1,2],"1":[9,2],"2":[25,2],"3":[16,9],"4":[25,2],"5":[27,25],"6":[15,10]},"_coverageSchema":"1a1c01bbd47fc00a2c39e90264f33305004495a9","hash":"91139db27cbd72694de935363dc6a298530cb7c0"}
,"/home/alaa/Data_Structure_And_Algorithm/function_Directory/sort/bubbleSort.js": {"path":"/home/alaa/Data_Structure_And_Algorithm/function_Directory/sort/bubbleSort.js","statementMap":{"0":{"start":{"line":10,"column":4},"end":{"line":12,"column":5}},"1":{"start":{"line":11,"column":8},"end":{"line":11,"column":30}},"2":{"start":{"line":14,"column":15},"end":{"line":14,"column":19}},"3":{"start":{"line":15,"column":4},"end":{"line":25,"column":5}},"4":{"start":{"line":16,"column":8},"end":{"line":16,"column":21}},"5":{"start":{"line":17,"column":8},"end":{"line":24,"column":9}},"6":{"start":{"line":17,"column":21},"end":{"line":17,"column":22}},"7":{"start":{"line":18,"column":12},"end":{"line":23,"column":13}},"8":{"start":{"line":19,"column":16},"end":{"line":19,"column":26}},"9":{"start":{"line":20,"column":27},"end":{"line":20,"column":33}},"10":{"start":{"line":21,"column":16},"end":{"line":21,"column":34}},"11":{"start":{"line":22,"column":16},"end":{"line":22,"column":32}},"12":{"start":{"line":27,"column":4},"end":{"line":27,"column":15}},"13":{"start":{"line":30,"column":0},"end":{"line":30,"column":22}}},"fnMap":{"0":{"name":"sort","decl":{"start":{"line":8,"column":9},"end":{"line":8,"column":13}},"loc":{"start":{"line":8,"column":18},"end":{"line":28,"column":1}},"line":8}},"branchMap":{"0":{"loc":{"start":{"line":10,"column":4},"end":{"line":12,"column":5}},"type":"if","locations":[{"start":{"line":10,"column":4},"end":{"line":12,"column":5}},{"start":{},"end":{}}],"line":10},"1":{"loc":{"start":{"line":18,"column":12},"end":{"line":23,"column":13}},"type":"if","locations":[{"start":{"line":18,"column":12},"end":{"line":23,"column":13}},{"start":{},"end":{}}],"line":18}},"s":{"0":2,"1":1,"2":1,"3":1,"4":7,"5":7,"6":7,"7":70,"8":24,"9":24,"10":24,"11":24,"12":1,"13":1},"f":{"0":2},"b":{"0":[1,1],"1":[24,46]},"_coverageSchema":"1a1c01bbd47fc00a2c39e90264f33305004495a9","hash":"df1df6951fa52c0ee3163a02eea16832cdc12c81"}
,"/home/alaa/Data_Structure_And_Algorithm/function_Directory/sort/insertionSort.js": {"path":"/home/alaa/Data_Structure_And_Algorithm/function_Directory/sort/insertionSort.js","statementMap":{"0":{"start":{"line":7,"column":11},"end":{"line":36,"column":1}},"1":{"start":{"line":8,"column":4},"end":{"line":10,"column":5}},"2":{"start":{"line":9,"column":8},"end":{"line":9,"column":31}},"3":{"start":{"line":12,"column":19},"end":{"line":12,"column":20}},"4":{"start":{"line":13,"column":22},"end":{"line":13,"column":32}},"5":{"start":{"line":14,"column":4},"end":{"line":33,"column":5}},"6":{"start":{"line":15,"column":8},"end":{"line":15,"column":19}},"7":{"start":{"line":16,"column":8},"end":{"line":32,"column":9}},"8":{"start":{"line":16,"column":26},"end":{"line":16,"column":27}},"9":{"start":{"line":17,"column":12},"end":{"line":31,"column":13}},"10":{"start":{"line":18,"column":30},"end":{"line":18,"column":43}},"11":{"start":{"line":19,"column":16},"end":{"line":19,"column":40}},"12":{"start":{"line":20,"column":16},"end":{"line":20,"column":42}},"13":{"start":{"line":22,"column":16},"end":{"line":22,"column":22}},"14":{"start":{"line":23,"column":19},"end":{"line":31,"column":13}},"15":{"start":{"line":24,"column":30},"end":{"line":24,"column":43}},"16":{"start":{"line":25,"column":16},"end":{"line":25,"column":40}},"17":{"start":{"line":26,"column":16},"end":{"line":26,"column":51}},"18":{"start":{"line":28,"column":16},"end":{"line":28,"column":22}},"19":{"start":{"line":30,"column":16},"end":{"line":30,"column":25}},"20":{"start":{"line":35,"column":4},"end":{"line":35,"column":15}},"21":{"start":{"line":38,"column":0},"end":{"line":38,"column":22}}},"fnMap":{"0":{"name":"(anonymous_0)","decl":{"start":{"line":7,"column":11},"end":{"line":7,"column":12}},"loc":{"start":{"line":7,"column":18},"end":{"line":36,"column":1}},"line":7}},"branchMap":{"0":{"loc":{"start":{"line":8,"column":4},"end":{"line":10,"column":5}},"type":"if","locations":[{"start":{"line":8,"column":4},"end":{"line":10,"column":5}},{"start":{},"end":{}}],"line":8},"1":{"loc":{"start":{"line":17,"column":12},"end":{"line":31,"column":13}},"type":"if","locations":[{"start":{"line":17,"column":12},"end":{"line":31,"column":13}},{"start":{"line":23,"column":19},"end":{"line":31,"column":13}}],"line":17},"2":{"loc":{"start":{"line":17,"column":16},"end":{"line":17,"column":58}},"type":"binary-expr","locations":[{"start":{"line":17,"column":16},"end":{"line":17,"column":27}},{"start":{"line":17,"column":31},"end":{"line":17,"column":58}}],"line":17},"3":{"loc":{"start":{"line":23,"column":19},"end":{"line":31,"column":13}},"type":"if","locations":[{"start":{"line":23,"column":19},"end":{"line":31,"column":13}},{"start":{"line":29,"column":17},"end":{"line":31,"column":13}}],"line":23},"4":{"loc":{"start":{"line":23,"column":23},"end":{"line":23,"column":87}},"type":"binary-expr","locations":[{"start":{"line":23,"column":23},"end":{"line":23,"column":51}},{"start":{"line":23,"column":55},"end":{"line":23,"column":87}}],"line":23}},"s":{"0":1,"1":2,"2":1,"3":1,"4":1,"5":1,"6":10,"7":10,"8":10,"9":38,"10":1,"11":1,"12":1,"13":1,"14":37,"15":8,"16":8,"17":8,"18":8,"19":29,"20":1,"21":1},"f":{"0":2},"b":{"0":[1,1],"1":[1,37],"2":[38,10],"3":[8,29],"4":[37,25]},"_coverageSchema":"1a1c01bbd47fc00a2c39e90264f33305004495a9","hash":"147b1b5a4bf9f4496a7ff126a317b6b07ee40c22"}
,"/home/alaa/Data_Structure_And_Algorithm/function_Directory/sort/mergeSort.js": {"path":"/home/alaa/Data_Structure_And_Algorithm/function_Directory/sort/mergeSort.js","statementMap":{"0":{"start":{"line":6,"column":11},"end":{"line":19,"column":1}},"1":{"start":{"line":7,"column":4},"end":{"line":9,"column":5}},"2":{"start":{"line":8,"column":8},"end":{"line":8,"column":31}},"3":{"start":{"line":11,"column":4},"end":{"line":17,"column":5}},"4":{"start":{"line":12,"column":18},"end":{"line":12,"column":35}},"5":{"start":{"line":13,"column":8},"end":{"line":13,"column":30}},"6":{"start":{"line":14,"column":8},"end":{"line":14,"column":32}},"7":{"start":{"line":16,"column":8},"end":{"line":16,"column":42}},"8":{"start":{"line":18,"column":4},"end":{"line":18,"column":17}},"9":{"start":{"line":21,"column":12},"end":{"line":58,"column":1}},"10":{"start":{"line":22,"column":17},"end":{"line":22,"column":19}},"11":{"start":{"line":24,"column":19},"end":{"line":24,"column":24}},"12":{"start":{"line":25,"column":17},"end":{"line":25,"column":24}},"13":{"start":{"line":26,"column":16},"end":{"line":26,"column":17}},"14":{"start":{"line":28,"column":4},"end":{"line":38,"column":5}},"15":{"start":{"line":29,"column":8},"end":{"line":37,"column":9}},"16":{"start":{"line":30,"column":12},"end":{"line":30,"column":40}},"17":{"start":{"line":31,"column":12},"end":{"line":31,"column":23}},"18":{"start":{"line":32,"column":12},"end":{"line":32,"column":24}},"19":{"start":{"line":34,"column":12},"end":{"line":34,"column":42}},"20":{"start":{"line":35,"column":12},"end":{"line":35,"column":23}},"21":{"start":{"line":36,"column":12},"end":{"line":36,"column":26}},"22":{"start":{"line":40,"column":4},"end":{"line":44,"column":5}},"23":{"start":{"line":41,"column":8},"end":{"line":41,"column":38}},"24":{"start":{"line":42,"column":8},"end":{"line":42,"column":19}},"25":{"start":{"line":43,"column":8},"end":{"line":43,"column":22}},"26":{"start":{"line":46,"column":4},"end":{"line":50,"column":5}},"27":{"start":{"line":47,"column":8},"end":{"line":47,"column":36}},"28":{"start":{"line":48,"column":8},"end":{"line":48,"column":19}},"29":{"start":{"line":49,"column":8},"end":{"line":49,"column":20}},"30":{"start":{"line":52,"column":4},"end":{"line":54,"column":5}},"31":{"start":{"line":52,"column":14},"end":{"line":52,"column":19}},"32":{"start":{"line":53,"column":8},"end":{"line":53,"column":33}},"33":{"start":{"line":56,"column":4},"end":{"line":56,"column":15}},"34":{"start":{"line":60,"column":0},"end":{"line":60,"column":22}}},"fnMap":{"0":{"name":"(anonymous_0)","decl":{"start":{"line":6,"column":11},"end":{"line":6,"column":12}},"loc":{"start":{"line":6,"column":53},"end":{"line":19,"column":1}},"line":6},"1":{"name":"(anonymous_1)","decl":{"start":{"line":21,"column":12},"end":{"line":21,"column":13}},"loc":{"start":{"line":21,"column":38},"end":{"line":58,"column":1}},"line":21}},"branchMap":{"0":{"loc":{"start":{"line":6,"column":17},"end":{"line":6,"column":26}},"type":"default-arg","locations":[{"start":{"line":6,"column":25},"end":{"line":6,"column":26}}],"line":6},"1":{"loc":{"start":{"line":6,"column":28},"end":{"line":6,"column":48}},"type":"default-arg","locations":[{"start":{"line":6,"column":34},"end":{"line":6,"column":48}}],"line":6},"2":{"loc":{"start":{"line":7,"column":4},"end":{"line":9,"column":5}},"type":"if","locations":[{"start":{"line":7,"column":4},"end":{"line":9,"column":5}},{"start":{},"end":{}}],"line":7},"3":{"loc":{"start":{"line":11,"column":4},"end":{"line":17,"column":5}},"type":"if","locations":[{"start":{"line":11,"column":4},"end":{"line":17,"column":5}},{"start":{},"end":{}}],"line":11},"4":{"loc":{"start":{"line":28,"column":11},"end":{"line":28,"column":43}},"type":"binary-expr","locations":[{"start":{"line":28,"column":11},"end":{"line":28,"column":26}},{"start":{"line":28,"column":30},"end":{"line":28,"column":43}}],"line":28},"5":{"loc":{"start":{"line":29,"column":8},"end":{"line":37,"column":9}},"type":"if","locations":[{"start":{"line":29,"column":8},"end":{"line":37,"column":9}},{"start":{"line":33,"column":15},"end":{"line":37,"column":9}}],"line":29}},"s":{"0":1,"1":2566,"2":1,"3":2565,"4":1282,"5":1282,"6":1282,"7":1282,"8":2565,"9":1,"10":1282,"11":1282,"12":1282,"13":1282,"14":1282,"15":12,"16":0,"17":0,"18":0,"19":12,"20":12,"21":12,"22":1282,"23":1278,"24":1278,"25":1278,"26":1282,"27":8,"28":8,"29":8,"30":1282,"31":1282,"32":1303,"33":1282,"34":1},"f":{"0":2566,"1":1282},"b":{"0":[2],"1":[2],"2":[1,2565],"3":[1282,1283],"4":[1294,1290],"5":[0,12]},"_coverageSchema":"1a1c01bbd47fc00a2c39e90264f33305004495a9","hash":"0bd8a2c6fa5ca82d74bd8c6470f0712996f92b9e"}
,"/home/alaa/Data_Structure_And_Algorithm/function_Directory/sort/quickSort.js": {"path":"/home/alaa/Data_Structure_And_Algorithm/function_Directory/sort/quickSort.js","statementMap":{"0":{"start":{"line":7,"column":4},"end":{"line":9,"column":5}},"1":{"start":{"line":8,"column":8},"end":{"line":8,"column":30}},"2":{"start":{"line":11,"column":4},"end":{"line":19,"column":5}},"3":{"start":{"line":12,"column":8},"end":{"line":12,"column":44}},"4":{"start":{"line":13,"column":8},"end":{"line":15,"column":9}},"5":{"start":{"line":14,"column":12},"end":{"line":14,"column":44}},"6":{"start":{"line":16,"column":8},"end":{"line":18,"column":9}},"7":{"start":{"line":17,"column":12},"end":{"line":17,"column":41}},"8":{"start":{"line":20,"column":4},"end":{"line":20,"column":15}},"9":{"start":{"line":24,"column":16},"end":{"line":24,"column":51}},"10":{"start":{"line":25,"column":12},"end":{"line":25,"column":16}},"11":{"start":{"line":26,"column":12},"end":{"line":26,"column":17}},"12":{"start":{"line":27,"column":4},"end":{"line":39,"column":5}},"13":{"start":{"line":28,"column":8},"end":{"line":30,"column":9}},"14":{"start":{"line":29,"column":12},"end":{"line":29,"column":16}},"15":{"start":{"line":31,"column":8},"end":{"line":33,"column":9}},"16":{"start":{"line":32,"column":12},"end":{"line":32,"column":16}},"17":{"start":{"line":34,"column":8},"end":{"line":38,"column":9}},"18":{"start":{"line":35,"column":12},"end":{"line":35,"column":28}},"19":{"start":{"line":36,"column":12},"end":{"line":36,"column":16}},"20":{"start":{"line":37,"column":12},"end":{"line":37,"column":16}},"21":{"start":{"line":41,"column":4},"end":{"line":41,"column":13}},"22":{"start":{"line":45,"column":15},"end":{"line":45,"column":21}},"23":{"start":{"line":46,"column":4},"end":{"line":46,"column":20}},"24":{"start":{"line":47,"column":4},"end":{"line":47,"column":18}},"25":{"start":{"line":54,"column":0},"end":{"line":54,"column":27}}},"fnMap":{"0":{"name":"quickSort","decl":{"start":{"line":6,"column":9},"end":{"line":6,"column":18}},"loc":{"start":{"line":6,"column":58},"end":{"line":21,"column":1}},"line":6},"1":{"name":"partition","decl":{"start":{"line":23,"column":9},"end":{"line":23,"column":18}},"loc":{"start":{"line":23,"column":37},"end":{"line":42,"column":1}},"line":23},"2":{"name":"swap","decl":{"start":{"line":44,"column":9},"end":{"line":44,"column":13}},"loc":{"start":{"line":44,"column":25},"end":{"line":48,"column":1}},"line":44}},"branchMap":{"0":{"loc":{"start":{"line":6,"column":24},"end":{"line":6,"column":32}},"type":"default-arg","locations":[{"start":{"line":6,"column":31},"end":{"line":6,"column":32}}],"line":6},"1":{"loc":{"start":{"line":6,"column":34},"end":{"line":6,"column":56}},"type":"default-arg","locations":[{"start":{"line":6,"column":42},"end":{"line":6,"column":56}}],"line":6},"2":{"loc":{"start":{"line":7,"column":4},"end":{"line":9,"column":5}},"type":"if","locations":[{"start":{"line":7,"column":4},"end":{"line":9,"column":5}},{"start":{},"end":{}}],"line":7},"3":{"loc":{"start":{"line":11,"column":4},"end":{"line":19,"column":5}},"type":"if","locations":[{"start":{"line":11,"column":4},"end":{"line":19,"column":5}},{"start":{},"end":{}}],"line":11},"4":{"loc":{"start":{"line":13,"column":8},"end":{"line":15,"column":9}},"type":"if","locations":[{"start":{"line":13,"column":8},"end":{"line":15,"column":9}},{"start":{},"end":{}}],"line":13},"5":{"loc":{"start":{"line":16,"column":8},"end":{"line":18,"column":9}},"type":"if","locations":[{"start":{"line":16,"column":8},"end":{"line":18,"column":9}},{"start":{},"end":{}}],"line":16},"6":{"loc":{"start":{"line":34,"column":8},"end":{"line":38,"column":9}},"type":"if","locations":[{"start":{"line":34,"column":8},"end":{"line":38,"column":9}},{"start":{},"end":{}}],"line":34}},"s":{"0":11,"1":1,"2":10,"3":10,"4":10,"5":4,"6":10,"7":5,"8":10,"9":10,"10":10,"11":10,"12":10,"13":18,"14":1,"15":18,"16":10,"17":18,"18":17,"19":17,"20":17,"21":10,"22":17,"23":17,"24":17,"25":1},"f":{"0":11,"1":10,"2":17},"b":{"0":[2],"1":[2],"2":[1,10],"3":[10,0],"4":[4,6],"5":[5,5],"6":[17,1]},"_coverageSchema":"1a1c01bbd47fc00a2c39e90264f33305004495a9","hash":"a026b96e87e1921165114d26077bd8e879faf948"}
,"/home/alaa/Data_Structure_And_Algorithm/function_Directory/sort/selectionSort.js": {"path":"/home/alaa/Data_Structure_And_Algorithm/function_Directory/sort/selectionSort.js","statementMap":{"0":{"start":{"line":6,"column":11},"end":{"line":21,"column":1}},"1":{"start":{"line":7,"column":4},"end":{"line":9,"column":5}},"2":{"start":{"line":8,"column":8},"end":{"line":8,"column":31}},"3":{"start":{"line":10,"column":4},"end":{"line":18,"column":5}},"4":{"start":{"line":10,"column":17},"end":{"line":10,"column":18}},"5":{"start":{"line":11,"column":8},"end":{"line":17,"column":9}},"6":{"start":{"line":11,"column":31},"end":{"line":11,"column":32}},"7":{"start":{"line":12,"column":12},"end":{"line":16,"column":13}},"8":{"start":{"line":13,"column":30},"end":{"line":13,"column":36}},"9":{"start":{"line":14,"column":16},"end":{"line":14,"column":42}},"10":{"start":{"line":15,"column":16},"end":{"line":15,"column":43}},"11":{"start":{"line":20,"column":4},"end":{"line":20,"column":15}},"12":{"start":{"line":23,"column":0},"end":{"line":23,"column":22}}},"fnMap":{"0":{"name":"(anonymous_0)","decl":{"start":{"line":6,"column":11},"end":{"line":6,"column":12}},"loc":{"start":{"line":6,"column":18},"end":{"line":21,"column":1}},"line":6}},"branchMap":{"0":{"loc":{"start":{"line":7,"column":4},"end":{"line":9,"column":5}},"type":"if","locations":[{"start":{"line":7,"column":4},"end":{"line":9,"column":5}},{"start":{},"end":{}}],"line":7},"1":{"loc":{"start":{"line":12,"column":12},"end":{"line":16,"column":13}},"type":"if","locations":[{"start":{"line":12,"column":12},"end":{"line":16,"column":13}},{"start":{},"end":{}}],"line":12}},"s":{"0":1,"1":2,"2":1,"3":1,"4":1,"5":11,"6":11,"7":66,"8":18,"9":18,"10":18,"11":1,"12":1},"f":{"0":2},"b":{"0":[1,1],"1":[18,48]},"_coverageSchema":"1a1c01bbd47fc00a2c39e90264f33305004495a9","hash":"bb9815a18f210c43250adfe6557815e1fefd3b0e"}
}
