TN:
SF:class_Directory/BinaryTree/BinaryTree.js
FN:7,(anonymous_0)
FN:13,(anonymous_1)
FN:24,(anonymous_2)
FN:45,(anonymous_3)
FN:50,(anonymous_4)
FNF:5
FNH:5
FNDA:7,(anonymous_0)
FNDA:22,(anonymous_1)
FNDA:26,(anonymous_2)
FNDA:5,(anonymous_3)
FNDA:20,(anonymous_4)
DA:4,3
DA:8,7
DA:13,7
DA:14,22
DA:15,22
DA:17,22
DA:18,5
DA:20,5
DA:22,17
DA:24,17
DA:25,26
DA:26,16
DA:27,6
DA:29,10
DA:32,10
DA:33,3
DA:35,7
DA:40,17
DA:41,17
DA:45,7
DA:46,5
DA:47,1
DA:49,4
DA:50,4
DA:51,20
DA:52,2
DA:54,20
DA:55,8
DA:56,20
DA:57,8
DA:60,4
DA:61,4
DA:65,3
LF:33
LH:33
BRDA:17,0,0,5
BRDA:17,0,1,17
BRDA:25,1,0,16
BRDA:25,1,1,10
BRDA:26,2,0,6
BRDA:26,2,1,10
BRDA:32,3,0,3
BRDA:32,3,1,7
BRDA:46,4,0,1
BRDA:46,4,1,4
BRDA:51,5,0,2
BRDA:51,5,1,18
BRDA:54,6,0,8
BRDA:54,6,1,12
BRDA:56,7,0,8
BRDA:56,7,1,12
BRF:16
BRH:16
end_of_record
TN:
SF:class_Directory/BinaryTree/Node.js
FN:5,(anonymous_0)
FNF:1
FNH:1
FNDA:22,(anonymous_0)
DA:6,22
DA:12,3
LF:2
LH:2
BRF:0
BRH:0
end_of_record
TN:
SF:class_Directory/Linked_List/Linked_List.js
FN:9,(anonymous_0)
FN:14,(anonymous_1)
FN:29,(anonymous_2)
FNF:3
FNH:3
FNDA:42,(anonymous_0)
FNDA:154,(anonymous_1)
FNDA:17,(anonymous_2)
DA:6,11
DA:10,42
DA:14,42
DA:15,154
DA:17,154
DA:18,31
DA:19,31
DA:22,123
DA:23,123
DA:24,274
DA:26,123
DA:29,42
DA:30,17
DA:31,1
DA:34,16
DA:35,16
DA:36,16
DA:37,91
DA:38,91
DA:40,16
DA:42,16
DA:47,11
LF:22
LH:22
BRDA:17,0,0,31
BRDA:17,0,1,123
BRDA:30,1,0,1
BRDA:30,1,1,16
BRF:4
BRH:4
end_of_record
TN:
SF:class_Directory/Linked_List/Node.js
FN:7,(anonymous_0)
FNF:1
FNH:1
FNDA:276,(anonymous_0)
DA:8,276
DA:14,18
LF:2
LH:2
BRF:0
BRH:0
end_of_record
TN:
SF:class_Directory/Queue/Queue.js
FN:9,(anonymous_0)
FN:15,(anonymous_1)
FN:30,(anonymous_2)
FN:40,(anonymous_3)
FN:47,(anonymous_4)
FN:55,(anonymous_5)
FNF:6
FNH:6
FNDA:5,(anonymous_0)
FNDA:73,(anonymous_1)
FNDA:71,(anonymous_2)
FNDA:2,(anonymous_3)
FNDA:2,(anonymous_4)
FNDA:3,(anonymous_5)
DA:6,3
DA:10,5
DA:15,5
DA:16,73
DA:17,73
DA:18,15
DA:19,15
DA:21,15
DA:23,58
DA:24,58
DA:26,58
DA:30,5
DA:31,71
DA:32,1
DA:34,70
DA:35,70
DA:37,70
DA:40,5
DA:41,2
DA:42,1
DA:44,1
DA:47,5
DA:48,2
DA:49,1
DA:51,1
DA:55,5
DA:56,3
DA:57,1
DA:60,2
DA:61,2
DA:62,2
DA:63,6
DA:64,6
DA:66,2
DA:68,2
DA:73,3
LF:36
LH:36
BRDA:17,0,0,15
BRDA:17,0,1,58
BRDA:31,1,0,1
BRDA:31,1,1,70
BRDA:41,2,0,1
BRDA:41,2,1,1
BRDA:48,3,0,1
BRDA:48,3,1,1
BRDA:56,4,0,1
BRDA:56,4,1,2
BRF:10
BRH:10
end_of_record
TN:
SF:class_Directory/Stack/Stack.js
FN:9,(anonymous_0)
FN:14,(anonymous_1)
FN:28,(anonymous_2)
FN:39,(anonymous_3)
FN:47,(anonymous_4)
FN:55,(anonymous_5)
FNF:6
FNH:6
FNDA:9,(anonymous_0)
FNDA:49,(anonymous_1)
FNDA:32,(anonymous_2)
FNDA:2,(anonymous_3)
FNDA:2,(anonymous_4)
FNDA:6,(anonymous_5)
DA:6,4
DA:10,9
DA:14,9
DA:15,49
DA:16,49
DA:17,8
DA:19,8
DA:22,41
DA:23,41
DA:24,41
DA:28,9
DA:29,32
DA:30,1
DA:33,31
DA:34,31
DA:36,31
DA:39,9
DA:40,2
DA:41,1
DA:43,1
DA:47,9
DA:48,2
DA:49,1
DA:51,1
DA:55,9
DA:56,6
DA:57,1
DA:60,5
DA:61,5
DA:62,5
DA:63,21
DA:64,21
DA:66,5
DA:68,5
DA:73,4
LF:35
LH:35
BRDA:16,0,0,8
BRDA:16,0,1,41
BRDA:29,1,0,1
BRDA:29,1,1,31
BRDA:40,2,0,1
BRDA:40,2,1,1
BRDA:48,3,0,1
BRDA:48,3,1,1
BRDA:56,4,0,1
BRDA:56,4,1,5
BRF:10
BRH:10
end_of_record
TN:
SF:function_Directory/BinaryTree/equalTrees.js
FN:6,(anonymous_0)
FN:18,(anonymous_1)
FN:28,(anonymous_2)
FNF:3
FNH:3
FNDA:4,(anonymous_0)
FNDA:6,(anonymous_1)
FNDA:6,(anonymous_2)
DA:4,1
DA:6,1
DA:7,4
DA:8,1
DA:10,3
DA:11,1
DA:14,2
DA:15,2
DA:18,1
DA:19,6
DA:20,6
DA:21,1
DA:23,6
DA:24,3
DA:28,1
DA:29,6
DA:30,6
DA:31,1
DA:33,6
DA:34,3
DA:37,6
DA:41,1
LF:22
LH:22
BRDA:7,0,0,1
BRDA:7,0,1,3
BRDA:7,1,0,4
BRDA:7,1,1,3
BRDA:10,2,0,1
BRDA:10,2,1,2
BRDA:20,3,0,1
BRDA:20,3,1,5
BRDA:23,4,0,3
BRDA:23,4,1,3
BRDA:30,5,0,1
BRDA:30,5,1,5
BRDA:31,6,0,1
BRDA:31,6,1,1
BRDA:33,7,0,3
BRDA:33,7,1,3
BRDA:34,8,0,3
BRDA:34,8,1,3
BRF:18
BRH:18
end_of_record
TN:
SF:function_Directory/BinaryTree/printTree.js
FN:19,(anonymous_0)
FN:22,(anonymous_1)
FN:38,(anonymous_2)
FN:40,(anonymous_3)
FN:55,(anonymous_4)
FN:57,(anonymous_5)
FN:71,(anonymous_6)
FNF:7
FNH:7
FNDA:1,(anonymous_0)
FNDA:7,(anonymous_1)
FNDA:1,(anonymous_2)
FNDA:7,(anonymous_3)
FNDA:1,(anonymous_4)
FNDA:7,(anonymous_5)
FNDA:1,(anonymous_6)
DA:4,1
DA:19,1
DA:20,1
DA:22,1
DA:23,7
DA:24,2
DA:26,7
DA:27,7
DA:28,4
DA:30,7
DA:33,1
DA:34,1
DA:38,1
DA:39,1
DA:40,1
DA:41,7
DA:42,2
DA:44,7
DA:45,4
DA:47,7
DA:48,7
DA:50,1
DA:51,1
DA:55,1
DA:56,1
DA:57,1
DA:58,7
DA:59,7
DA:60,2
DA:62,7
DA:63,4
DA:65,7
DA:67,1
DA:68,1
DA:71,1
DA:72,1
DA:73,1
DA:74,1
DA:76,1
DA:77,7
DA:78,7
DA:79,2
DA:81,7
DA:82,4
DA:84,7
DA:86,1
DA:90,1
LF:47
LH:47
BRDA:23,0,0,2
BRDA:23,0,1,5
BRDA:27,1,0,4
BRDA:27,1,1,3
BRDA:41,2,0,2
BRDA:41,2,1,5
BRDA:44,3,0,4
BRDA:44,3,1,3
BRDA:59,4,0,2
BRDA:59,4,1,5
BRDA:62,5,0,4
BRDA:62,5,1,3
BRDA:78,6,0,2
BRDA:78,6,1,5
BRDA:81,7,0,4
BRDA:81,7,1,3
BRF:16
BRH:16
end_of_record
TN:
SF:function_Directory/LinkedList/addDigitToList.js
FN:13,(anonymous_0)
FNF:1
FNH:1
FNDA:5,(anonymous_0)
DA:11,1
DA:13,1
DA:15,5
DA:16,1
DA:19,4
DA:20,2
DA:23,2
DA:24,2
DA:26,2
DA:27,8
DA:28,8
DA:29,8
DA:32,2
DA:34,2
DA:35,2
DA:36,9
DA:37,9
DA:40,2
DA:41,2
DA:46,1
LF:20
LH:20
BRDA:15,0,0,1
BRDA:15,0,1,4
BRDA:19,1,0,2
BRDA:19,1,1,2
BRF:4
BRH:4
end_of_record
TN:
SF:function_Directory/LinkedList/addListWithoutExtra.js
FN:9,(anonymous_0)
FN:38,(anonymous_1)
FN:51,(anonymous_2)
FN:65,(anonymous_3)
FNF:4
FNH:4
FNDA:3,(anonymous_0)
FNDA:4,(anonymous_1)
FNDA:2,(anonymous_2)
FNDA:2,(anonymous_3)
DA:7,1
DA:9,1
DA:11,3
DA:12,1
DA:15,2
DA:16,2
DA:21,2
DA:22,1
DA:23,1
DA:25,1
DA:27,1
DA:29,1
DA:30,1
DA:32,1
DA:34,1
DA:38,1
DA:40,4
DA:42,4
DA:43,10
DA:44,10
DA:45,10
DA:48,4
DA:51,1
DA:52,2
DA:53,654
DA:54,654
DA:57,2
DA:58,1
DA:60,1
DA:65,1
DA:67,2
DA:68,2
DA:69,8
DA:70,8
DA:71,8
DA:74,2
DA:79,1
LF:37
LH:37
BRDA:11,0,0,1
BRDA:11,0,1,2
BRDA:11,1,0,3
BRDA:11,1,1,2
BRDA:21,2,0,1
BRDA:21,2,1,1
BRDA:52,3,0,656
BRDA:52,3,1,655
BRDA:57,4,0,1
BRDA:57,4,1,1
BRF:10
BRH:10
end_of_record
TN:
SF:function_Directory/LinkedList/backToFront.js
FN:6,(anonymous_0)
FNF:1
FNH:1
FNDA:4,(anonymous_0)
DA:6,1
DA:7,4
DA:8,1
DA:10,3
DA:11,1
DA:14,2
DA:15,2
DA:16,2
DA:17,6
DA:19,2
DA:20,2
DA:21,2
DA:23,2
DA:26,1
LF:14
LH:14
BRDA:7,0,0,1
BRDA:7,0,1,3
BRDA:10,1,0,1
BRDA:10,1,1,2
BRF:4
BRH:4
end_of_record
TN:
SF:function_Directory/LinkedList/merge_K_Sorted.js
FN:8,(anonymous_0)
FNF:1
FNH:1
FNDA:4,(anonymous_0)
DA:6,1
DA:8,1
DA:9,4
DA:10,1
DA:13,3
DA:14,3
DA:15,3
DA:17,3
DA:19,3
DA:20,3
DA:22,4
DA:24,12
DA:26,12
DA:28,12
DA:29,18
DA:30,16
DA:32,2
DA:33,2
DA:36,12
DA:37,10
DA:43,4
DA:48,3
DA:49,10
DA:50,45
DA:51,6
DA:52,6
DA:53,6
DA:58,3
DA:59,10
DA:63,3
DA:64,1
DA:66,2
DA:71,1
LF:33
LH:33
BRDA:9,0,0,1
BRDA:9,0,1,3
BRDA:20,1,0,7
BRDA:20,1,1,3
BRDA:29,2,0,16
BRDA:29,2,1,2
BRDA:36,3,0,10
BRDA:36,3,1,2
BRDA:50,4,0,6
BRDA:50,4,1,39
BRDA:63,5,0,1
BRDA:63,5,1,2
BRF:12
BRH:12
end_of_record
TN:
SF:function_Directory/LinkedList/merge_Two_Sorted.js
FN:8,(anonymous_0)
FNF:1
FNH:1
FNDA:2,(anonymous_0)
DA:6,1
DA:8,1
DA:9,2
DA:10,1
DA:13,1
DA:15,1
DA:16,1
DA:17,1
DA:18,5
DA:19,4
DA:21,4
DA:23,1
DA:24,1
DA:27,5
DA:28,5
DA:31,1
DA:32,3
DA:33,3
DA:36,1
DA:42,1
LF:20
LH:20
BRDA:9,0,0,1
BRDA:9,0,1,1
BRDA:9,1,0,2
BRDA:9,1,1,1
BRDA:18,2,0,4
BRDA:18,2,1,1
BRF:6
BRH:6
end_of_record
TN:
SF:function_Directory/LinkedList/palindromeList.js
FN:7,(anonymous_0)
FN:28,(anonymous_1)
FNF:2
FNH:2
FNDA:12,(anonymous_0)
FNDA:3,(anonymous_1)
DA:7,1
DA:9,12
DA:10,10
DA:11,10
DA:13,10
DA:14,10
DA:20,12
DA:21,10
DA:25,12
DA:28,1
DA:30,3
DA:31,1
DA:34,2
DA:35,2
DA:37,2
DA:39,2
DA:42,1
LF:17
LH:17
BRDA:9,0,0,10
BRDA:9,0,1,2
BRDA:20,1,0,10
BRDA:20,1,1,2
BRDA:30,2,0,1
BRDA:30,2,1,2
BRF:6
BRH:6
end_of_record
TN:
SF:function_Directory/LinkedList/pop_In_LinkedList.js
FN:7,(anonymous_0)
FNF:1
FNH:1
FNDA:4,(anonymous_0)
DA:7,1
DA:8,4
DA:9,1
DA:12,3
DA:13,3
DA:15,3
DA:18,1
LF:7
LH:7
BRDA:8,0,0,1
BRDA:8,0,1,3
BRF:2
BRH:2
end_of_record
TN:
SF:function_Directory/LinkedList/reArrange.js
FN:6,(anonymous_0)
FNF:1
FNH:1
FNDA:3,(anonymous_0)
DA:6,1
DA:7,3
DA:8,1
DA:11,2
DA:12,2
DA:13,10
DA:14,10
DA:15,20
DA:16,13
DA:17,13
DA:18,13
DA:20,20
DA:22,10
DA:26,2
DA:30,1
LF:15
LH:15
BRDA:7,0,0,1
BRDA:7,0,1,2
BRDA:15,1,0,13
BRDA:15,1,1,7
BRF:4
BRH:4
end_of_record
TN:
SF:function_Directory/LinkedList/removeDuplicate.js
FN:8,(anonymous_0)
FNF:1
FNH:1
FNDA:4,(anonymous_0)
DA:8,1
DA:9,4
DA:10,1
DA:12,3
DA:13,1
DA:16,2
DA:17,2
DA:18,13
DA:19,5
DA:21,8
DA:25,2
DA:28,1
LF:12
LH:12
BRDA:9,0,0,1
BRDA:9,0,1,3
BRDA:12,1,0,1
BRDA:12,1,1,2
BRDA:18,2,0,5
BRDA:18,2,1,8
BRF:6
BRH:6
end_of_record
TN:
SF:function_Directory/LinkedList/reverseList.js
FN:6,(anonymous_0)
FNF:1
FNH:1
FNDA:7,(anonymous_0)
DA:6,3
DA:8,7
DA:9,1
DA:12,6
DA:13,6
DA:14,6
DA:18,6
DA:19,25
DA:21,25
DA:22,25
DA:23,25
DA:26,6
DA:28,6
DA:31,3
LF:14
LH:14
BRDA:8,0,0,1
BRDA:8,0,1,6
BRF:2
BRH:2
end_of_record
TN:
SF:function_Directory/LinkedList/reversePortion.js
FN:6,(anonymous_0)
FNF:1
FNH:1
FNDA:4,(anonymous_0)
DA:6,1
DA:7,4
DA:8,1
DA:20,3
DA:21,4
DA:23,4
DA:24,19
DA:25,4
DA:28,19
DA:29,3
DA:32,19
DA:33,1
DA:36,18
DA:39,3
DA:40,3
DA:41,14
DA:42,3
DA:45,14
DA:46,3
DA:50,14
DA:54,3
DA:55,3
DA:59,2
DA:64,1
LF:24
LH:24
BRDA:7,0,0,1
BRDA:7,0,1,3
BRDA:24,1,0,4
BRDA:24,1,1,15
BRDA:24,2,0,19
BRDA:24,2,1,4
BRDA:28,3,0,3
BRDA:28,3,1,16
BRDA:28,4,0,19
BRDA:28,4,1,4
BRDA:32,5,0,1
BRDA:32,5,1,18
BRDA:32,6,0,19
BRDA:32,6,1,18
BRDA:41,7,0,3
BRDA:41,7,1,11
BRDA:41,8,0,14
BRDA:41,8,1,3
BRDA:45,9,0,3
BRDA:45,9,1,11
BRDA:45,10,0,14
BRDA:45,10,1,3
BRF:22
BRH:22
end_of_record
TN:
SF:function_Directory/Stack_And_Queue/minPass.js
FN:10,(anonymous_0)
FNF:1
FNH:1
FNDA:3,(anonymous_0)
DA:8,1
DA:10,1
DA:11,3
DA:12,1
DA:15,2
DA:16,2
DA:17,2
DA:19,2
DA:20,5
DA:21,17
DA:22,1
DA:23,1
DA:26,5
DA:27,1
DA:31,2
DA:32,3
DA:33,3
DA:35,3
DA:36,12
DA:37,60
DA:38,44
DA:40,16
DA:41,6
DA:42,5
DA:44,1
DA:46,10
DA:47,6
DA:48,3
DA:50,3
DA:53,4
DA:54,3
DA:56,1
DA:62,12
DA:63,60
DA:64,60
DA:65,5
DA:73,2
DA:76,1
LF:38
LH:38
BRDA:11,0,0,1
BRDA:11,0,1,2
BRDA:21,1,0,1
BRDA:21,1,1,16
BRDA:26,2,0,1
BRDA:26,2,1,4
BRDA:37,3,0,44
BRDA:37,3,1,16
BRDA:40,4,0,6
BRDA:40,4,1,10
BRDA:40,5,0,16
BRDA:40,5,1,10
BRDA:41,6,0,5
BRDA:41,6,1,1
BRDA:41,7,0,6
BRDA:41,7,1,4
BRDA:41,7,2,4
BRDA:41,7,3,2
BRDA:46,8,0,6
BRDA:46,8,1,4
BRDA:47,9,0,3
BRDA:47,9,1,3
BRDA:47,10,0,6
BRDA:47,10,1,3
BRDA:47,10,2,3
BRDA:53,11,0,3
BRDA:53,11,1,1
BRDA:53,12,0,4
BRDA:53,12,1,4
BRDA:53,12,2,2
BRDA:64,13,0,5
BRDA:64,13,1,55
BRF:32
BRH:32
end_of_record
TN:
SF:function_Directory/Stack_And_Queue/reverseStack.js
FN:11,reverseStack
FN:18,(anonymous_1)
FNF:2
FNH:2
FNDA:2,reverseStack
FNDA:4,(anonymous_1)
DA:12,2
DA:13,1
DA:16,1
DA:18,1
DA:19,4
DA:20,4
DA:21,3
DA:23,4
DA:26,1
DA:27,1
DA:28,4
DA:31,1
DA:35,1
LF:13
LH:13
BRDA:12,0,0,1
BRDA:12,0,1,1
BRDA:20,1,0,3
BRDA:20,1,1,1
BRF:4
BRH:4
end_of_record
TN:
SF:function_Directory/Stack_And_Queue/reverseStr.js
FN:8,(anonymous_0)
FNF:1
FNH:1
FNDA:3,(anonymous_0)
DA:6,1
DA:8,1
DA:9,3
DA:10,1
DA:12,2
DA:14,2
DA:15,24
DA:17,2
DA:19,2
DA:20,24
DA:23,2
DA:26,1
LF:12
LH:12
BRDA:9,0,0,1
BRDA:9,0,1,2
BRF:2
BRH:2
end_of_record
TN:
SF:function_Directory/Stack_And_Queue/sortRecursively.js
FN:7,(anonymous_0)
FN:22,(anonymous_1)
FN:32,(anonymous_2)
FNF:3
FNH:3
FNDA:3,(anonymous_0)
FNDA:11,(anonymous_1)
FNDA:27,(anonymous_2)
DA:7,1
DA:8,3
DA:9,1
DA:12,2
DA:13,2
DA:16,2
DA:22,1
DA:23,11
DA:24,9
DA:27,11
DA:28,11
DA:32,1
DA:33,27
DA:34,25
DA:35,16
DA:39,27
DA:40,25
DA:41,15
DA:42,15
DA:43,15
DA:46,27
DA:49,1
LF:22
LH:22
BRDA:8,0,0,1
BRDA:8,0,1,2
BRDA:23,1,0,9
BRDA:23,1,1,2
BRDA:33,2,0,25
BRDA:33,2,1,2
BRDA:34,3,0,16
BRDA:34,3,1,9
BRDA:39,4,0,25
BRDA:39,4,1,2
BRDA:39,5,0,27
BRDA:39,5,1,25
BRDA:40,6,0,15
BRDA:40,6,1,10
BRF:14
BRH:14
end_of_record
