TN:
SF:class_Directory/Linked_List/Linked_List.js
FN:9,(anonymous_0)
FN:14,(anonymous_1)
FN:29,(anonymous_2)
FNF:3
FNH:3
FNDA:42,(anonymous_0)
FNDA:154,(anonymous_1)
FNDA:17,(anonymous_2)
DA:6,11
DA:10,42
DA:14,42
DA:15,154
DA:17,154
DA:18,31
DA:19,31
DA:22,123
DA:23,123
DA:24,274
DA:26,123
DA:29,42
DA:30,17
DA:31,1
DA:34,16
DA:35,16
DA:36,16
DA:37,91
DA:38,91
DA:40,16
DA:42,16
DA:47,11
LF:22
LH:22
BRDA:17,0,0,31
BRDA:17,0,1,123
BRDA:30,1,0,1
BRDA:30,1,1,16
BRF:4
BRH:4
end_of_record
TN:
SF:class_Directory/Linked_List/Node.js
FN:7,(anonymous_0)
FNF:1
FNH:1
FNDA:154,(anonymous_0)
DA:8,154
DA:14,11
LF:2
LH:2
BRF:0
BRH:0
end_of_record
TN:
SF:function_Directory/LinkedList/addDigitToList.js
FN:13,(anonymous_0)
FNF:1
FNH:1
FNDA:5,(anonymous_0)
DA:11,1
DA:13,1
DA:15,5
DA:16,1
DA:19,4
DA:20,2
DA:23,2
DA:24,2
DA:26,2
DA:27,8
DA:28,8
DA:29,8
DA:32,2
DA:34,2
DA:35,2
DA:36,9
DA:37,9
DA:40,2
DA:41,2
DA:46,1
LF:20
LH:20
BRDA:15,0,0,1
BRDA:15,0,1,4
BRDA:19,1,0,2
BRDA:19,1,1,2
BRF:4
BRH:4
end_of_record
TN:
SF:function_Directory/LinkedList/addListWithoutExtra.js
FN:9,(anonymous_0)
FN:38,(anonymous_1)
FN:51,(anonymous_2)
FN:65,(anonymous_3)
FNF:4
FNH:4
FNDA:3,(anonymous_0)
FNDA:4,(anonymous_1)
FNDA:2,(anonymous_2)
FNDA:2,(anonymous_3)
DA:7,1
DA:9,1
DA:11,3
DA:12,1
DA:15,2
DA:16,2
DA:21,2
DA:22,1
DA:23,1
DA:25,1
DA:27,1
DA:29,1
DA:30,1
DA:32,1
DA:34,1
DA:38,1
DA:40,4
DA:42,4
DA:43,10
DA:44,10
DA:45,10
DA:48,4
DA:51,1
DA:52,2
DA:53,654
DA:54,654
DA:57,2
DA:58,1
DA:60,1
DA:65,1
DA:67,2
DA:68,2
DA:69,8
DA:70,8
DA:71,8
DA:74,2
DA:79,1
LF:37
LH:37
BRDA:11,0,0,1
BRDA:11,0,1,2
BRDA:11,1,0,3
BRDA:11,1,1,2
BRDA:21,2,0,1
BRDA:21,2,1,1
BRDA:52,3,0,656
BRDA:52,3,1,655
BRDA:57,4,0,1
BRDA:57,4,1,1
BRF:10
BRH:10
end_of_record
TN:
SF:function_Directory/LinkedList/backToFront.js
FN:6,(anonymous_0)
FNF:1
FNH:1
FNDA:4,(anonymous_0)
DA:6,1
DA:7,4
DA:8,1
DA:10,3
DA:11,1
DA:14,2
DA:15,2
DA:16,2
DA:17,6
DA:19,2
DA:20,2
DA:21,2
DA:23,2
DA:26,1
LF:14
LH:14
BRDA:7,0,0,1
BRDA:7,0,1,3
BRDA:10,1,0,1
BRDA:10,1,1,2
BRF:4
BRH:4
end_of_record
TN:
SF:function_Directory/LinkedList/merge_K_Sorted.js
FN:8,(anonymous_0)
FNF:1
FNH:1
FNDA:4,(anonymous_0)
DA:6,1
DA:8,1
DA:9,4
DA:10,1
DA:13,3
DA:14,3
DA:15,3
DA:17,3
DA:19,3
DA:20,3
DA:22,4
DA:24,12
DA:26,12
DA:28,12
DA:29,18
DA:30,16
DA:32,2
DA:33,2
DA:36,12
DA:37,10
DA:43,4
DA:48,3
DA:49,10
DA:50,45
DA:51,6
DA:52,6
DA:53,6
DA:58,3
DA:59,10
DA:63,3
DA:64,1
DA:66,2
DA:71,1
LF:33
LH:33
BRDA:9,0,0,1
BRDA:9,0,1,3
BRDA:20,1,0,7
BRDA:20,1,1,3
BRDA:29,2,0,16
BRDA:29,2,1,2
BRDA:36,3,0,10
BRDA:36,3,1,2
BRDA:50,4,0,6
BRDA:50,4,1,39
BRDA:63,5,0,1
BRDA:63,5,1,2
BRF:12
BRH:12
end_of_record
TN:
SF:function_Directory/LinkedList/merge_Two_Sorted.js
FN:8,(anonymous_0)
FNF:1
FNH:1
FNDA:2,(anonymous_0)
DA:6,1
DA:8,1
DA:9,2
DA:10,1
DA:13,1
DA:15,1
DA:16,1
DA:17,1
DA:18,5
DA:19,4
DA:21,4
DA:23,1
DA:24,1
DA:27,5
DA:28,5
DA:31,1
DA:32,3
DA:33,3
DA:36,1
DA:42,1
LF:20
LH:20
BRDA:9,0,0,1
BRDA:9,0,1,1
BRDA:9,1,0,2
BRDA:9,1,1,1
BRDA:18,2,0,4
BRDA:18,2,1,1
BRF:6
BRH:6
end_of_record
TN:
SF:function_Directory/LinkedList/palindromeList.js
FN:7,(anonymous_0)
FN:28,(anonymous_1)
FNF:2
FNH:2
FNDA:12,(anonymous_0)
FNDA:3,(anonymous_1)
DA:7,1
DA:9,12
DA:10,10
DA:11,10
DA:13,10
DA:14,10
DA:20,12
DA:21,10
DA:25,12
DA:28,1
DA:30,3
DA:31,1
DA:34,2
DA:35,2
DA:37,2
DA:39,2
DA:42,1
LF:17
LH:17
BRDA:9,0,0,10
BRDA:9,0,1,2
BRDA:20,1,0,10
BRDA:20,1,1,2
BRDA:30,2,0,1
BRDA:30,2,1,2
BRF:6
BRH:6
end_of_record
TN:
SF:function_Directory/LinkedList/pop_In_LinkedList.js
FN:7,(anonymous_0)
FNF:1
FNH:1
FNDA:4,(anonymous_0)
DA:7,1
DA:8,4
DA:9,1
DA:12,3
DA:13,3
DA:15,3
DA:18,1
LF:7
LH:7
BRDA:8,0,0,1
BRDA:8,0,1,3
BRF:2
BRH:2
end_of_record
TN:
SF:function_Directory/LinkedList/reArrange.js
FN:6,(anonymous_0)
FNF:1
FNH:1
FNDA:3,(anonymous_0)
DA:6,1
DA:7,3
DA:8,1
DA:11,2
DA:12,2
DA:13,10
DA:14,10
DA:15,20
DA:16,13
DA:17,13
DA:18,13
DA:20,20
DA:22,10
DA:26,2
DA:30,1
LF:15
LH:15
BRDA:7,0,0,1
BRDA:7,0,1,2
BRDA:15,1,0,13
BRDA:15,1,1,7
BRF:4
BRH:4
end_of_record
TN:
SF:function_Directory/LinkedList/removeDuplicate.js
FN:8,(anonymous_0)
FNF:1
FNH:1
FNDA:4,(anonymous_0)
DA:8,1
DA:9,4
DA:10,1
DA:12,3
DA:13,1
DA:16,2
DA:17,2
DA:18,13
DA:19,5
DA:21,8
DA:25,2
DA:28,1
LF:12
LH:12
BRDA:9,0,0,1
BRDA:9,0,1,3
BRDA:12,1,0,1
BRDA:12,1,1,2
BRDA:18,2,0,5
BRDA:18,2,1,8
BRF:6
BRH:6
end_of_record
TN:
SF:function_Directory/LinkedList/reverseList.js
FN:6,(anonymous_0)
FNF:1
FNH:1
FNDA:7,(anonymous_0)
DA:6,3
DA:8,7
DA:9,1
DA:12,6
DA:13,6
DA:14,6
DA:18,6
DA:19,25
DA:21,25
DA:22,25
DA:23,25
DA:26,6
DA:28,6
DA:31,3
LF:14
LH:14
BRDA:8,0,0,1
BRDA:8,0,1,6
BRF:2
BRH:2
end_of_record
TN:
SF:function_Directory/LinkedList/reversePortion.js
FN:6,(anonymous_0)
FNF:1
FNH:1
FNDA:4,(anonymous_0)
DA:6,1
DA:7,4
DA:8,1
DA:20,3
DA:21,4
DA:23,4
DA:24,19
DA:25,4
DA:28,19
DA:29,3
DA:32,19
DA:33,1
DA:36,18
DA:39,3
DA:40,3
DA:41,14
DA:42,3
DA:45,14
DA:46,3
DA:50,14
DA:54,3
DA:55,3
DA:59,2
DA:64,1
LF:24
LH:24
BRDA:7,0,0,1
BRDA:7,0,1,3
BRDA:24,1,0,4
BRDA:24,1,1,15
BRDA:24,2,0,19
BRDA:24,2,1,4
BRDA:28,3,0,3
BRDA:28,3,1,16
BRDA:28,4,0,19
BRDA:28,4,1,4
BRDA:32,5,0,1
BRDA:32,5,1,18
BRDA:32,6,0,19
BRDA:32,6,1,18
BRDA:41,7,0,3
BRDA:41,7,1,11
BRDA:41,8,0,14
BRDA:41,8,1,3
BRDA:45,9,0,3
BRDA:45,9,1,11
BRDA:45,10,0,14
BRDA:45,10,1,3
BRF:22
BRH:22
end_of_record
